**********************************************************************
                          AGRICULTURAL
                          FIELD
                          SCALE
                          IRRIGATION
                          REQUIREMENTS
                          SIMULATION

                             MODEL


              AFSIRS MODEL: INTERACTIVE VERSION 5.5


           THIS MODEL SIMULATES IRRIGATION REQUIREMENTS
         FOR FLORIDA CROPS, SOILS, AND CLIMATE CONDITIONS.

      PROBABILITIES OF OCCURRENCE OF IRRIGATION REQUIREMENTS
        ARE CALCULATED USING HISTORICAL WEATHER DATA BASES
                   FOR NINE FLORIDA LOCATIONS.
**********************************************************************

          INSTRUCTIONS FOR THE USE OF THIS MODEL ARE GIVEN
                 IN THE AFSIRS MODEL USER''S GUIDE.

       DETAILS OF THE OPERATION OF THIS MODEL, ITS APPLICATIONS
    AND LIMITATIONS ARE GIVEN IN THE AFSIRS MODEL TECHNICAL MANUAL.
**********************************************************************
