
**********************************************************************

                          AGRICULTURAL
                          FIELD
                          SCALE
                          IRRIGATION
                          REQUIREMENTS
                          SIMULATION

                             MODEL


              AFSIRS MODEL: INTERACTIVE VERSION 5.5


           THIS MODEL SIMULATES IRRIGATION REQUIREMENTS
         FOR FLORIDA CROPS, SOILS, AND CLIMATE CONDITIONS.

      PROBABILITIES OF OCCURRENCE OF IRRIGATION REQUIREMENTS
        ARE CALCULATED USING HISTORICAL WEATHER DATA BASES
                   FOR NINE FLORIDA LOCATIONS.

**********************************************************************

          INSTRUCTIONS FOR THE USE OF THIS MODEL ARE GIVEN
                 IN THE AFSIRS MODEL USER'S GUIDE.

       DETAILS OF THE OPERATION OF THIS MODEL, ITS APPLICATIONS
    AND LIMITATIONS ARE GIVEN IN THE AFSIRS MODEL TECHNICAL MANUAL.

**********************************************************************

              AFSIRS MODEL: INTERACTIVE VERSION 5.5


           THIS MODEL SIMULATES IRRIGATION REQUIREMENTS
         FOR FLORIDA CROPS, SOILS, AND CLIMATE CONDITIONS.

**********************************************************************

Location =                        UFL     DATE = 10-27-2015

                      CROP TYPE = RICE

 IRRIGATION SEASON = 6-15 TO 12-15                LENGTH = 184 DAYS

 CLIMATE DATA BASE: LOCATION = TAMPA LENGTH = 4 YEARS
         NORMAL IRRIGATION: SOIL WILL BE IRRIGATED TO FIELD CAPACITY AT EACH IRRIGATION

 IRRIGATION SYSTEM : TYPE = FLOOD (RICE)
                     DESIGN APPLICATION EFFICIENCY = 100 %
                     FRACTION OF SOIL SURFACE IRRIGATED = 100 %
                     FRACTION EXTRACTED FROM IRRIGATED ZONE = 1.0

                      CROP TYPE = RICE(ANNUAL)
    DZN   DZX  AKC3  AKC4    F1    F2    F3    F4  ALD1  ALD2  ALD3  ALD4
    12.0  18.0  1.20  1.05  0.25  0.25  0.25  0.25  0.00  0.00  0.00  0.00

          I,FF,NF(I),J1,JN =      1  0.250  211  166  349
          I,FF,NF(I),J1,JN =      2  0.500  257  166  349
          I,FF,NF(I),J1,JN =      3  0.750  303  166  349
          I,FF,NF(I),J1,JN =      4  1.000  349  166  349

   CDAY JDAY NF1  NF2  NF3  DRZI DRZ  RKC ALD1 ALD2 ALD3 ALD4   AWD
   166  166  211  257  303 12.0 12.0 1.00 0.00 0.00 0.00 0.00  0.00
   167  167  211  257  303 12.0 12.0 1.00 0.00 0.00 0.00 0.00  0.00
   168  168  211  257  303 12.0 12.0 1.00 0.00 0.00 0.00 0.00  0.00
   169  169  211  257  303 12.0 12.0 1.00 0.00 0.00 0.00 0.00  0.00
   170  170  211  257  303 12.0 12.0 1.00 0.00 0.00 0.00 0.00  0.00
   171  171  211  257  303 12.0 12.0 1.00 0.00 0.00 0.00 0.00  0.00
   172  172  211  257  303 12.0 12.0 1.00 0.00 0.00 0.00 0.00  0.00
   173  173  211  257  303 12.0 12.0 1.00 0.00 0.00 0.00 0.00  0.00
   174  174  211  257  303 12.0 12.0 1.00 0.00 0.00 0.00 0.00  0.00
   175  175  211  257  303 12.0 12.0 1.00 0.00 0.00 0.00 0.00  0.00
   176  176  211  257  303 12.0 12.0 1.00 0.00 0.00 0.00 0.00  0.00
   177  177  211  257  303 12.0 12.0 1.00 0.00 0.00 0.00 0.00  0.00
   178  178  211  257  303 12.0 12.0 1.00 0.00 0.00 0.00 0.00  0.00
   179  179  211  257  303 12.0 12.0 1.00 0.00 0.00 0.00 0.00  0.00
   180  180  211  257  303 12.0 12.0 1.00 0.00 0.00 0.00 0.00  0.00
   181  181  211  257  303 12.0 12.0 1.00 0.00 0.00 0.00 0.00  0.00
   182  182  211  257  303 12.0 12.0 1.00 0.00 0.00 0.00 0.00  0.00
   183  183  211  257  303 12.0 12.0 1.00 0.00 0.00 0.00 0.00  0.00
   184  184  211  257  303 12.0 12.0 1.00 0.00 0.00 0.00 0.00  0.00
   185  185  211  257  303 12.0 12.0 1.00 0.00 0.00 0.00 0.00  0.00
   186  186  211  257  303 12.0 12.0 1.00 0.00 0.00 0.00 0.00  0.00
   187  187  211  257  303 12.0 12.0 1.00 0.00 0.00 0.00 0.00  0.00
   188  188  211  257  303 12.0 12.0 1.00 0.00 0.00 0.00 0.00  0.00
   189  189  211  257  303 12.0 12.0 1.00 0.00 0.00 0.00 0.00  0.00
   190  190  211  257  303 12.0 12.0 1.00 0.00 0.00 0.00 0.00  0.00
   191  191  211  257  303 12.0 12.0 1.00 0.00 0.00 0.00 0.00  0.00
   192  192  211  257  303 12.0 12.0 1.00 0.00 0.00 0.00 0.00  0.00
   193  193  211  257  303 12.0 12.0 1.00 0.00 0.00 0.00 0.00  0.00
   194  194  211  257  303 12.0 12.0 1.00 0.00 0.00 0.00 0.00  0.00
   195  195  211  257  303 12.0 12.0 1.00 0.00 0.00 0.00 0.00  0.00
   196  196  211  257  303 12.0 12.0 1.00 0.00 0.00 0.00 0.00  0.00
   197  197  211  257  303 12.0 12.0 1.00 0.00 0.00 0.00 0.00  0.00
   198  198  211  257  303 12.0 12.0 1.00 0.00 0.00 0.00 0.00  0.00
   199  199  211  257  303 12.0 12.0 1.00 0.00 0.00 0.00 0.00  0.00
   200  200  211  257  303 12.0 12.0 1.00 0.00 0.00 0.00 0.00  0.00
   201  201  211  257  303 12.0 12.0 1.00 0.00 0.00 0.00 0.00  0.00
   202  202  211  257  303 12.0 12.0 1.00 0.00 0.00 0.00 0.00  0.00
   203  203  211  257  303 12.0 12.0 1.00 0.00 0.00 0.00 0.00  0.00
   204  204  211  257  303 12.0 12.0 1.00 0.00 0.00 0.00 0.00  0.00
   205  205  211  257  303 12.0 12.0 1.00 0.00 0.00 0.00 0.00  0.00
   206  206  211  257  303 12.0 12.0 1.00 0.00 0.00 0.00 0.00  0.00
   207  207  211  257  303 12.0 12.0 1.00 0.00 0.00 0.00 0.00  0.00
   208  208  211  257  303 12.0 12.0 1.00 0.00 0.00 0.00 0.00  0.00
   209  209  211  257  303 12.0 12.0 1.00 0.00 0.00 0.00 0.00  0.00
   210  210  211  257  303 12.0 12.0 1.00 0.00 0.00 0.00 0.00  0.00
   211  211  211  257  303 12.0 12.0 1.00 0.00 0.00 0.00 0.00  0.00
   212  212  211  257  303 12.1 12.1 1.00 0.00 0.00 0.00 0.00  0.00
   213  213  211  257  303 12.3 12.3 1.01 0.00 0.00 0.00 0.00  0.00
   214  214  211  257  303 12.4 12.4 1.01 0.00 0.00 0.00 0.00  0.00
   215  215  211  257  303 12.5 12.5 1.02 0.00 0.00 0.00 0.00  0.00
   216  216  211  257  303 12.7 12.7 1.02 0.00 0.00 0.00 0.00  0.00
   217  217  211  257  303 12.8 12.8 1.03 0.00 0.00 0.00 0.00  0.00
   218  218  211  257  303 12.9 12.9 1.03 0.00 0.00 0.00 0.00  0.00
   219  219  211  257  303 13.0 13.0 1.03 0.00 0.00 0.00 0.00  0.00
   220  220  211  257  303 13.2 13.2 1.04 0.00 0.00 0.00 0.00  0.00
   221  221  211  257  303 13.3 13.3 1.04 0.00 0.00 0.00 0.00  0.00
   222  222  211  257  303 13.4 13.4 1.05 0.00 0.00 0.00 0.00  0.00
   223  223  211  257  303 13.6 13.6 1.05 0.00 0.00 0.00 0.00  0.00
   224  224  211  257  303 13.7 13.7 1.06 0.00 0.00 0.00 0.00  0.00
   225  225  211  257  303 13.8 13.8 1.06 0.00 0.00 0.00 0.00  0.00
   226  226  211  257  303 14.0 14.0 1.07 0.00 0.00 0.00 0.00  0.00
   227  227  211  257  303 14.1 14.1 1.07 0.00 0.00 0.00 0.00  0.00
   228  228  211  257  303 14.2 14.2 1.07 0.00 0.00 0.00 0.00  0.00
   229  229  211  257  303 14.3 14.3 1.08 0.00 0.00 0.00 0.00  0.00
   230  230  211  257  303 14.5 14.5 1.08 0.00 0.00 0.00 0.00  0.00
   231  231  211  257  303 14.6 14.6 1.09 0.00 0.00 0.00 0.00  0.00
   232  232  211  257  303 14.7 14.7 1.09 0.00 0.00 0.00 0.00  0.00
   233  233  211  257  303 14.9 14.9 1.10 0.00 0.00 0.00 0.00  0.00
   234  234  211  257  303 15.0 15.0 1.10 0.00 0.00 0.00 0.00  0.00
   235  235  211  257  303 15.1 15.1 1.10 0.00 0.00 0.00 0.00  0.00
   236  236  211  257  303 15.3 15.3 1.11 0.00 0.00 0.00 0.00  0.00
   237  237  211  257  303 15.4 15.4 1.11 0.00 0.00 0.00 0.00  0.00
   238  238  211  257  303 15.5 15.5 1.12 0.00 0.00 0.00 0.00  0.00
   239  239  211  257  303 15.7 15.7 1.12 0.00 0.00 0.00 0.00  0.00
   240  240  211  257  303 15.8 15.8 1.13 0.00 0.00 0.00 0.00  0.00
   241  241  211  257  303 15.9 15.9 1.13 0.00 0.00 0.00 0.00  0.00
   242  242  211  257  303 16.0 16.0 1.13 0.00 0.00 0.00 0.00  0.00
   243  243  211  257  303 16.2 16.2 1.14 0.00 0.00 0.00 0.00  0.00
   244  244  211  257  303 16.3 16.3 1.14 0.00 0.00 0.00 0.00  0.00
   245  245  211  257  303 16.4 16.4 1.15 0.00 0.00 0.00 0.00  0.00
   246  246  211  257  303 16.6 16.6 1.15 0.00 0.00 0.00 0.00  0.00
   247  247  211  257  303 16.7 16.7 1.16 0.00 0.00 0.00 0.00  0.00
   248  248  211  257  303 16.8 16.8 1.16 0.00 0.00 0.00 0.00  0.00
   249  249  211  257  303 17.0 17.0 1.17 0.00 0.00 0.00 0.00  0.00
   250  250  211  257  303 17.1 17.1 1.17 0.00 0.00 0.00 0.00  0.00
   251  251  211  257  303 17.2 17.2 1.17 0.00 0.00 0.00 0.00  0.00
   252  252  211  257  303 17.3 17.3 1.18 0.00 0.00 0.00 0.00  0.00
   253  253  211  257  303 17.5 17.5 1.18 0.00 0.00 0.00 0.00  0.00
   254  254  211  257  303 17.6 17.6 1.19 0.00 0.00 0.00 0.00  0.00
   255  255  211  257  303 17.7 17.7 1.19 0.00 0.00 0.00 0.00  0.00
   256  256  211  257  303 17.9 17.9 1.20 0.00 0.00 0.00 0.00  0.00
   257  257  211  257  303 18.0 18.0 1.20 0.00 0.00 0.00 0.00  0.00
   258  258  211  257  303 18.0 18.0 1.20 0.00 0.00 0.00 0.00  0.00
   259  259  211  257  303 18.0 18.0 1.20 0.00 0.00 0.00 0.00  0.00
   260  260  211  257  303 18.0 18.0 1.20 0.00 0.00 0.00 0.00  0.00
   261  261  211  257  303 18.0 18.0 1.20 0.00 0.00 0.00 0.00  0.00
   262  262  211  257  303 18.0 18.0 1.20 0.00 0.00 0.00 0.00  0.00
   263  263  211  257  303 18.0 18.0 1.20 0.00 0.00 0.00 0.00  0.00
   264  264  211  257  303 18.0 18.0 1.20 0.00 0.00 0.00 0.00  0.00
   265  265  211  257  303 18.0 18.0 1.20 0.00 0.00 0.00 0.00  0.00
   266  266  211  257  303 18.0 18.0 1.20 0.00 0.00 0.00 0.00  0.00
   267  267  211  257  303 18.0 18.0 1.20 0.00 0.00 0.00 0.00  0.00
   268  268  211  257  303 18.0 18.0 1.20 0.00 0.00 0.00 0.00  0.00
   269  269  211  257  303 18.0 18.0 1.20 0.00 0.00 0.00 0.00  0.00
   270  270  211  257  303 18.0 18.0 1.20 0.00 0.00 0.00 0.00  0.00
   271  271  211  257  303 18.0 18.0 1.20 0.00 0.00 0.00 0.00  0.00
   272  272  211  257  303 18.0 18.0 1.20 0.00 0.00 0.00 0.00  0.00
   273  273  211  257  303 18.0 18.0 1.20 0.00 0.00 0.00 0.00  0.00
   274  274  211  257  303 18.0 18.0 1.20 0.00 0.00 0.00 0.00  0.00
   275  275  211  257  303 18.0 18.0 1.20 0.00 0.00 0.00 0.00  0.00
   276  276  211  257  303 18.0 18.0 1.20 0.00 0.00 0.00 0.00  0.00
   277  277  211  257  303 18.0 18.0 1.20 0.00 0.00 0.00 0.00  0.00
   278  278  211  257  303 18.0 18.0 1.20 0.00 0.00 0.00 0.00  0.00
   279  279  211  257  303 18.0 18.0 1.20 0.00 0.00 0.00 0.00  0.00
   280  280  211  257  303 18.0 18.0 1.20 0.00 0.00 0.00 0.00  0.00
   281  281  211  257  303 18.0 18.0 1.20 0.00 0.00 0.00 0.00  0.00
   282  282  211  257  303 18.0 18.0 1.20 0.00 0.00 0.00 0.00  0.00
   283  283  211  257  303 18.0 18.0 1.20 0.00 0.00 0.00 0.00  0.00
   284  284  211  257  303 18.0 18.0 1.20 0.00 0.00 0.00 0.00  0.00
   285  285  211  257  303 18.0 18.0 1.20 0.00 0.00 0.00 0.00  0.00
   286  286  211  257  303 18.0 18.0 1.20 0.00 0.00 0.00 0.00  0.00
   287  287  211  257  303 18.0 18.0 1.20 0.00 0.00 0.00 0.00  0.00
   288  288  211  257  303 18.0 18.0 1.20 0.00 0.00 0.00 0.00  0.00
   289  289  211  257  303 18.0 18.0 1.20 0.00 0.00 0.00 0.00  0.00
   290  290  211  257  303 18.0 18.0 1.20 0.00 0.00 0.00 0.00  0.00
   291  291  211  257  303 18.0 18.0 1.20 0.00 0.00 0.00 0.00  0.00
   292  292  211  257  303 18.0 18.0 1.20 0.00 0.00 0.00 0.00  0.00
   293  293  211  257  303 18.0 18.0 1.20 0.00 0.00 0.00 0.00  0.00
   294  294  211  257  303 18.0 18.0 1.20 0.00 0.00 0.00 0.00  0.00
   295  295  211  257  303 18.0 18.0 1.20 0.00 0.00 0.00 0.00  0.00
   296  296  211  257  303 18.0 18.0 1.20 0.00 0.00 0.00 0.00  0.00
   297  297  211  257  303 18.0 18.0 1.20 0.00 0.00 0.00 0.00  0.00
   298  298  211  257  303 18.0 18.0 1.20 0.00 0.00 0.00 0.00  0.00
   299  299  211  257  303 18.0 18.0 1.20 0.00 0.00 0.00 0.00  0.00
   300  300  211  257  303 18.0 18.0 1.20 0.00 0.00 0.00 0.00  0.00
   301  301  211  257  303 18.0 18.0 1.20 0.00 0.00 0.00 0.00  0.00
   302  302  211  257  303 18.0 18.0 1.20 0.00 0.00 0.00 0.00  0.00
   303  303  211  257  303 18.0 18.0 1.20 0.00 0.00 0.00 0.00  0.00
   304  304  211  257  303 18.0 18.0 1.20 0.00 0.00 0.00 0.00  0.00
   305  305  211  257  303 18.0 18.0 1.19 0.00 0.00 0.00 0.00  0.00
   306  306  211  257  303 18.0 18.0 1.19 0.00 0.00 0.00 0.00  0.00
   307  307  211  257  303 18.0 18.0 1.19 0.00 0.00 0.00 0.00  0.00
   308  308  211  257  303 18.0 18.0 1.18 0.00 0.00 0.00 0.00  0.00
   309  309  211  257  303 18.0 18.0 1.18 0.00 0.00 0.00 0.00  0.00
   310  310  211  257  303 18.0 18.0 1.18 0.00 0.00 0.00 0.00  0.00
   311  311  211  257  303 18.0 18.0 1.17 0.00 0.00 0.00 0.00  0.00
   312  312  211  257  303 18.0 18.0 1.17 0.00 0.00 0.00 0.00  0.00
   313  313  211  257  303 18.0 18.0 1.17 0.00 0.00 0.00 0.00  0.00
   314  314  211  257  303 18.0 18.0 1.16 0.00 0.00 0.00 0.00  0.00
   315  315  211  257  303 18.0 18.0 1.16 0.00 0.00 0.00 0.00  0.00
   316  316  211  257  303 18.0 18.0 1.16 0.00 0.00 0.00 0.00  0.00
   317  317  211  257  303 18.0 18.0 1.15 0.00 0.00 0.00 0.00  0.00
   318  318  211  257  303 18.0 18.0 1.15 0.00 0.00 0.00 0.00  0.00
   319  319  211  257  303 18.0 18.0 1.15 0.00 0.00 0.00 0.00  0.00
   320  320  211  257  303 18.0 18.0 1.14 0.00 0.00 0.00 0.00  0.00
   321  321  211  257  303 18.0 18.0 1.14 0.00 0.00 0.00 0.00  0.00
   322  322  211  257  303 18.0 18.0 1.14 0.00 0.00 0.00 0.00  0.00
   323  323  211  257  303 18.0 18.0 1.13 0.00 0.00 0.00 0.00  0.00
   324  324  211  257  303 18.0 18.0 1.13 0.00 0.00 0.00 0.00  0.00
   325  325  211  257  303 18.0 18.0 1.13 0.00 0.00 0.00 0.00  0.00
   326  326  211  257  303 18.0 18.0 1.13 0.00 0.00 0.00 0.00  0.00
   327  327  211  257  303 18.0 18.0 1.12 0.00 0.00 0.00 0.00  0.00
   328  328  211  257  303 18.0 18.0 1.12 0.00 0.00 0.00 0.00  0.00
   329  329  211  257  303 18.0 18.0 1.12 0.00 0.00 0.00 0.00  0.00
   330  330  211  257  303 18.0 18.0 1.11 0.00 0.00 0.00 0.00  0.00
   331  331  211  257  303 18.0 18.0 1.11 0.00 0.00 0.00 0.00  0.00
   332  332  211  257  303 18.0 18.0 1.11 0.00 0.00 0.00 0.00  0.00
   333  333  211  257  303 18.0 18.0 1.10 0.00 0.00 0.00 0.00  0.00
   334  334  211  257  303 18.0 18.0 1.10 0.00 0.00 0.00 0.00  0.00
   335  335  211  257  303 18.0 18.0 1.10 0.00 0.00 0.00 0.00  0.00
   336  336  211  257  303 18.0 18.0 1.09 0.00 0.00 0.00 0.00  0.00
   337  337  211  257  303 18.0 18.0 1.09 0.00 0.00 0.00 0.00  0.00
   338  338  211  257  303 18.0 18.0 1.09 0.00 0.00 0.00 0.00  0.00
   339  339  211  257  303 18.0 18.0 1.08 0.00 0.00 0.00 0.00  0.00
   340  340  211  257  303 18.0 18.0 1.08 0.00 0.00 0.00 0.00  0.00
   341  341  211  257  303 18.0 18.0 1.08 0.00 0.00 0.00 0.00  0.00
   342  342  211  257  303 18.0 18.0 1.07 0.00 0.00 0.00 0.00  0.00
   343  343  211  257  303 18.0 18.0 1.07 0.00 0.00 0.00 0.00  0.00
   344  344  211  257  303 18.0 18.0 1.07 0.00 0.00 0.00 0.00  0.00
   345  345  211  257  303 18.0 18.0 1.06 0.00 0.00 0.00 0.00  0.00
   346  346  211  257  303 18.0 18.0 1.06 0.00 0.00 0.00 0.00  0.00
   347  347  211  257  303 18.0 18.0 1.06 0.00 0.00 0.00 0.00  0.00
   348  348  211  257  303 18.0 18.0 1.05 0.00 0.00 0.00 0.00  0.00
   349  349  211  257  303 18.0 18.0 1.05 0.00 0.00 0.00 0.00  0.00

 DAILY ROOT ZONE DEPTHS, CROP COEFFICIENTS, & ALLOWABLE WATER DEPLETIONS
               CDAY JDAY  DRZI(JD) DRZ(JD) RKC(JD) AWD(JD)
               166  166     12.00   12.00   1.000    0.00
               167  167     12.00   12.00   1.000    0.00
               168  168     12.00   12.00   1.000    0.00
               169  169     12.00   12.00   1.000    0.00
               170  170     12.00   12.00   1.000    0.00
               171  171     12.00   12.00   1.000    0.00
               172  172     12.00   12.00   1.000    0.00
               173  173     12.00   12.00   1.000    0.00
               174  174     12.00   12.00   1.000    0.00
               175  175     12.00   12.00   1.000    0.00
               176  176     12.00   12.00   1.000    0.00
               177  177     12.00   12.00   1.000    0.00
               178  178     12.00   12.00   1.000    0.00
               179  179     12.00   12.00   1.000    0.00
               180  180     12.00   12.00   1.000    0.00
               181  181     12.00   12.00   1.000    0.00
               182  182     12.00   12.00   1.000    0.00
               183  183     12.00   12.00   1.000    0.00
               184  184     12.00   12.00   1.000    0.00
               185  185     12.00   12.00   1.000    0.00
               186  186     12.00   12.00   1.000    0.00
               187  187     12.00   12.00   1.000    0.00
               188  188     12.00   12.00   1.000    0.00
               189  189     12.00   12.00   1.000    0.00
               190  190     12.00   12.00   1.000    0.00
               191  191     12.00   12.00   1.000    0.00
               192  192     12.00   12.00   1.000    0.00
               193  193     12.00   12.00   1.000    0.00
               194  194     12.00   12.00   1.000    0.00
               195  195     12.00   12.00   1.000    0.00
               196  196     12.00   12.00   1.000    0.00
               197  197     12.00   12.00   1.000    0.00
               198  198     12.00   12.00   1.000    0.00
               199  199     12.00   12.00   1.000    0.00
               200  200     12.00   12.00   1.000    0.00
               201  201     12.00   12.00   1.000    0.00
               202  202     12.00   12.00   1.000    0.00
               203  203     12.00   12.00   1.000    0.00
               204  204     12.00   12.00   1.000    0.00
               205  205     12.00   12.00   1.000    0.00
               206  206     12.00   12.00   1.000    0.00
               207  207     12.00   12.00   1.000    0.00
               208  208     12.00   12.00   1.000    0.00
               209  209     12.00   12.00   1.000    0.00
               210  210     12.00   12.00   1.000    0.00
               211  211     12.00   12.00   1.000    0.00
               212  212     12.13   12.13   1.004    0.00
               213  213     12.26   12.26   1.009    0.00
               214  214     12.39   12.39   1.013    0.00
               215  215     12.52   12.52   1.017    0.00
               216  216     12.65   12.65   1.022    0.00
               217  217     12.78   12.78   1.026    0.00
               218  218     12.91   12.91   1.030    0.00
               219  219     13.04   13.04   1.035    0.00
               220  220     13.17   13.17   1.039    0.00
               221  221     13.30   13.30   1.043    0.00
               222  222     13.43   13.43   1.048    0.00
               223  223     13.57   13.57   1.052    0.00
               224  224     13.70   13.70   1.057    0.00
               225  225     13.83   13.83   1.061    0.00
               226  226     13.96   13.96   1.065    0.00
               227  227     14.09   14.09   1.070    0.00
               228  228     14.22   14.22   1.074    0.00
               229  229     14.35   14.35   1.078    0.00
               230  230     14.48   14.48   1.083    0.00
               231  231     14.61   14.61   1.087    0.00
               232  232     14.74   14.74   1.091    0.00
               233  233     14.87   14.87   1.096    0.00
               234  234     15.00   15.00   1.100    0.00
               235  235     15.13   15.13   1.104    0.00
               236  236     15.26   15.26   1.109    0.00
               237  237     15.39   15.39   1.113    0.00
               238  238     15.52   15.52   1.117    0.00
               239  239     15.65   15.65   1.122    0.00
               240  240     15.78   15.78   1.126    0.00
               241  241     15.91   15.91   1.130    0.00
               242  242     16.04   16.04   1.135    0.00
               243  243     16.17   16.17   1.139    0.00
               244  244     16.30   16.30   1.143    0.00
               245  245     16.43   16.43   1.148    0.00
               246  246     16.57   16.57   1.152    0.00
               247  247     16.70   16.70   1.157    0.00
               248  248     16.83   16.83   1.161    0.00
               249  249     16.96   16.96   1.165    0.00
               250  250     17.09   17.09   1.170    0.00
               251  251     17.22   17.22   1.174    0.00
               252  252     17.35   17.35   1.178    0.00
               253  253     17.48   17.48   1.183    0.00
               254  254     17.61   17.61   1.187    0.00
               255  255     17.74   17.74   1.191    0.00
               256  256     17.87   17.87   1.196    0.00
               257  257     18.00   18.00   1.200    0.00
               258  258     18.00   18.00   1.200    0.00
               259  259     18.00   18.00   1.200    0.00
               260  260     18.00   18.00   1.200    0.00
               261  261     18.00   18.00   1.200    0.00
               262  262     18.00   18.00   1.200    0.00
               263  263     18.00   18.00   1.200    0.00
               264  264     18.00   18.00   1.200    0.00
               265  265     18.00   18.00   1.200    0.00
               266  266     18.00   18.00   1.200    0.00
               267  267     18.00   18.00   1.200    0.00
               268  268     18.00   18.00   1.200    0.00
               269  269     18.00   18.00   1.200    0.00
               270  270     18.00   18.00   1.200    0.00
               271  271     18.00   18.00   1.200    0.00
               272  272     18.00   18.00   1.200    0.00
               273  273     18.00   18.00   1.200    0.00
               274  274     18.00   18.00   1.200    0.00
               275  275     18.00   18.00   1.200    0.00
               276  276     18.00   18.00   1.200    0.00
               277  277     18.00   18.00   1.200    0.00
               278  278     18.00   18.00   1.200    0.00
               279  279     18.00   18.00   1.200    0.00
               280  280     18.00   18.00   1.200    0.00
               281  281     18.00   18.00   1.200    0.00
               282  282     18.00   18.00   1.200    0.00
               283  283     18.00   18.00   1.200    0.00
               284  284     18.00   18.00   1.200    0.00
               285  285     18.00   18.00   1.200    0.00
               286  286     18.00   18.00   1.200    0.00
               287  287     18.00   18.00   1.200    0.00
               288  288     18.00   18.00   1.200    0.00
               289  289     18.00   18.00   1.200    0.00
               290  290     18.00   18.00   1.200    0.00
               291  291     18.00   18.00   1.200    0.00
               292  292     18.00   18.00   1.200    0.00
               293  293     18.00   18.00   1.200    0.00
               294  294     18.00   18.00   1.200    0.00
               295  295     18.00   18.00   1.200    0.00
               296  296     18.00   18.00   1.200    0.00
               297  297     18.00   18.00   1.200    0.00
               298  298     18.00   18.00   1.200    0.00
               299  299     18.00   18.00   1.200    0.00
               300  300     18.00   18.00   1.200    0.00
               301  301     18.00   18.00   1.200    0.00
               302  302     18.00   18.00   1.200    0.00
               303  303     18.00   18.00   1.200    0.00
               304  304     18.00   18.00   1.197    0.00
               305  305     18.00   18.00   1.193    0.00
               306  306     18.00   18.00   1.190    0.00
               307  307     18.00   18.00   1.187    0.00
               308  308     18.00   18.00   1.184    0.00
               309  309     18.00   18.00   1.180    0.00
               310  310     18.00   18.00   1.177    0.00
               311  311     18.00   18.00   1.174    0.00
               312  312     18.00   18.00   1.171    0.00
               313  313     18.00   18.00   1.167    0.00
               314  314     18.00   18.00   1.164    0.00
               315  315     18.00   18.00   1.161    0.00
               316  316     18.00   18.00   1.158    0.00
               317  317     18.00   18.00   1.154    0.00
               318  318     18.00   18.00   1.151    0.00
               319  319     18.00   18.00   1.148    0.00
               320  320     18.00   18.00   1.145    0.00
               321  321     18.00   18.00   1.141    0.00
               322  322     18.00   18.00   1.138    0.00
               323  323     18.00   18.00   1.135    0.00
               324  324     18.00   18.00   1.132    0.00
               325  325     18.00   18.00   1.128    0.00
               326  326     18.00   18.00   1.125    0.00
               327  327     18.00   18.00   1.122    0.00
               328  328     18.00   18.00   1.118    0.00
               329  329     18.00   18.00   1.115    0.00
               330  330     18.00   18.00   1.112    0.00
               331  331     18.00   18.00   1.109    0.00
               332  332     18.00   18.00   1.105    0.00
               333  333     18.00   18.00   1.102    0.00
               334  334     18.00   18.00   1.099    0.00
               335  335     18.00   18.00   1.096    0.00
               336  336     18.00   18.00   1.092    0.00
               337  337     18.00   18.00   1.089    0.00
               338  338     18.00   18.00   1.086    0.00
               339  339     18.00   18.00   1.083    0.00
               340  340     18.00   18.00   1.079    0.00
               341  341     18.00   18.00   1.076    0.00
               342  342     18.00   18.00   1.073    0.00
               343  343     18.00   18.00   1.070    0.00
               344  344     18.00   18.00   1.066    0.00
               345  345     18.00   18.00   1.063    0.00
               346  346     18.00   18.00   1.060    0.00
               347  347     18.00   18.00   1.057    0.00
               348  348     18.00   18.00   1.053    0.00
               349  349     18.00   18.00   1.050    0.00


     SOIL :  SERIES = ADAMSVILLE VAR.         TEXTURE = S FS 


               SOIL LAYER DEPTHS (INCHES) AND WATER CONTENTS
                   Depth(I)        WCON(Min)    WCON(Max)
                 1     8.0              0.05        0.10
                 2    80.0              0.05        0.05

                DEPTH TO WATER TABLE ENTERED =  5.0 FEET


     OUTPUT PARAMETERS - ROOT DEPTHS, KCs, AND SOIL WATER CONTENTS
       CDAY JDAY   DRZ    DRZI   RKC   SWMAX  SWCIX  SWCNX  SWIRR
        166  166   12.0   12.0  1.000   5.00   3.00   0.00   3.00
        167  167   12.0   12.0  1.000   5.00   3.00   0.00   3.00
        168  168   12.0   12.0  1.000   5.00   3.00   0.00   3.00
        169  169   12.0   12.0  1.000   5.00   3.00   0.00   3.00
        170  170   12.0   12.0  1.000   5.00   3.00   0.00   3.00
        171  171   12.0   12.0  1.000   5.00   3.00   0.00   3.00
        172  172   12.0   12.0  1.000   5.00   3.00   0.00   3.00
        173  173   12.0   12.0  1.000   5.00   3.00   0.00   3.00
        174  174   12.0   12.0  1.000   5.00   3.00   0.00   3.00
        175  175   12.0   12.0  1.000   5.00   3.00   0.00   3.00
        176  176   12.0   12.0  1.000   5.00   3.00   0.00   3.00
        177  177   12.0   12.0  1.000   5.00   3.00   0.00   3.00
        178  178   12.0   12.0  1.000   5.00   3.00   0.00   3.00
        179  179   12.0   12.0  1.000   5.00   3.00   0.00   3.00
        180  180   12.0   12.0  1.000   5.00   3.00   0.00   3.00
        181  181   12.0   12.0  1.000   5.00   3.00   0.00   3.00
        182  182   12.0   12.0  1.000   5.00   3.00   0.00   3.00
        183  183   12.0   12.0  1.000   5.00   3.00   0.00   3.00
        184  184   12.0   12.0  1.000   5.00   3.00   0.00   3.00
        185  185   12.0   12.0  1.000   5.00   3.00   0.00   3.00
        186  186   12.0   12.0  1.000   5.00   3.00   0.00   3.00
        187  187   12.0   12.0  1.000   5.00   3.00   0.00   3.00
        188  188   12.0   12.0  1.000   5.00   3.00   0.00   3.00
        189  189   12.0   12.0  1.000   5.00   3.00   0.00   3.00
        190  190   12.0   12.0  1.000   5.00   3.00   0.00   3.00
        191  191   12.0   12.0  1.000   5.00   3.00   0.00   3.00
        192  192   12.0   12.0  1.000   5.00   3.00   0.00   3.00
        193  193   12.0   12.0  1.000   5.00   3.00   0.00   3.00
        194  194   12.0   12.0  1.000   5.00   3.00   0.00   3.00
        195  195   12.0   12.0  1.000   5.00   3.00   0.00   3.00
        196  196   12.0   12.0  1.000   5.00   3.00   0.00   3.00
        197  197   12.0   12.0  1.000   5.00   3.00   0.00   3.00
        198  198   12.0   12.0  1.000   5.00   3.00   0.00   3.00
        199  199   12.0   12.0  1.000   5.00   3.00   0.00   3.00
        200  200   12.0   12.0  1.000   5.00   3.00   0.00   3.00
        201  201   12.0   12.0  1.000   5.00   3.00   0.00   3.00
        202  202   12.0   12.0  1.000   5.00   3.00   0.00   3.00
        203  203   12.0   12.0  1.000   5.00   3.00   0.00   3.00
        204  204   12.0   12.0  1.000   5.00   3.00   0.00   3.00
        205  205   12.0   12.0  1.000   5.00   3.00   0.00   3.00
        206  206   12.0   12.0  1.000   5.00   3.00   0.00   3.00
        207  207   12.0   12.0  1.000   5.00   3.00   0.00   3.00
        208  208   12.0   12.0  1.000   5.00   3.00   0.00   3.00
        209  209   12.0   12.0  1.000   5.00   3.00   0.00   3.00
        210  210   12.0   12.0  1.000   5.00   3.00   0.00   3.00
        211  211   12.0   12.0  1.000   5.00   3.00   0.00   3.00
        212  212   12.1   12.1  1.004   5.00   3.00   0.00   3.00
        213  213   12.3   12.3  1.009   5.00   3.00   0.00   3.00
        214  214   12.4   12.4  1.013   5.00   3.00   0.00   3.00
        215  215   12.5   12.5  1.017   5.00   3.00   0.00   3.00
        216  216   12.7   12.7  1.022   5.00   3.00   0.00   3.00
        217  217   12.8   12.8  1.026   5.00   3.00   0.00   3.00
        218  218   12.9   12.9  1.030   5.00   3.00   0.00   3.00
        219  219   13.0   13.0  1.035   5.00   3.00   0.00   3.00
        220  220   13.2   13.2  1.039   5.00   3.00   0.00   3.00
        221  221   13.3   13.3  1.043   5.00   3.00   0.00   3.00
        222  222   13.4   13.4  1.048   5.00   3.00   0.00   3.00
        223  223   13.6   13.6  1.052   5.00   3.00   0.00   3.00
        224  224   13.7   13.7  1.057   5.00   3.00   0.00   3.00
        225  225   13.8   13.8  1.061   5.00   3.00   0.00   3.00
        226  226   14.0   14.0  1.065   5.00   3.00   0.00   3.00
        227  227   14.1   14.1  1.070   5.00   3.00   0.00   3.00
        228  228   14.2   14.2  1.074   5.00   3.00   0.00   3.00
        229  229   14.3   14.3  1.078   5.00   3.00   0.00   3.00
        230  230   14.5   14.5  1.083   5.00   3.00   0.00   3.00
        231  231   14.6   14.6  1.087   5.00   3.00   0.00   3.00
        232  232   14.7   14.7  1.091   5.00   3.00   0.00   3.00
        233  233   14.9   14.9  1.096   5.00   3.00   0.00   3.00
        234  234   15.0   15.0  1.100   5.00   3.00   0.00   3.00
        235  235   15.1   15.1  1.104   5.00   3.00   0.00   3.00
        236  236   15.3   15.3  1.109   5.00   3.00   0.00   3.00
        237  237   15.4   15.4  1.113   5.00   3.00   0.00   3.00
        238  238   15.5   15.5  1.117   5.00   3.00   0.00   3.00
        239  239   15.7   15.7  1.122   5.00   3.00   0.00   3.00
        240  240   15.8   15.8  1.126   5.00   3.00   0.00   3.00
        241  241   15.9   15.9  1.130   5.00   3.00   0.00   3.00
        242  242   16.0   16.0  1.135   5.00   3.00   0.00   3.00
        243  243   16.2   16.2  1.139   5.00   3.00   0.00   3.00
        244  244   16.3   16.3  1.143   5.00   3.00   0.00   3.00
        245  245   16.4   16.4  1.148   5.00   3.00   0.00   3.00
        246  246   16.6   16.6  1.152   5.00   3.00   0.00   3.00
        247  247   16.7   16.7  1.157   5.00   3.00   0.00   3.00
        248  248   16.8   16.8  1.161   5.00   3.00   0.00   3.00
        249  249   17.0   17.0  1.165   5.00   3.00   0.00   3.00
        250  250   17.1   17.1  1.170   5.00   3.00   0.00   3.00
        251  251   17.2   17.2  1.174   5.00   3.00   0.00   3.00
        252  252   17.3   17.3  1.178   5.00   3.00   0.00   3.00
        253  253   17.5   17.5  1.183   5.00   3.00   0.00   3.00
        254  254   17.6   17.6  1.187   5.00   3.00   0.00   3.00
        255  255   17.7   17.7  1.191   5.00   3.00   0.00   3.00
        256  256   17.9   17.9  1.196   5.00   3.00   0.00   3.00
        257  257   18.0   18.0  1.200   5.00   3.00   0.00   3.00
        258  258   18.0   18.0  1.200   5.00   3.00   0.00   3.00
        259  259   18.0   18.0  1.200   5.00   3.00   0.00   3.00
        260  260   18.0   18.0  1.200   5.00   3.00   0.00   3.00
        261  261   18.0   18.0  1.200   5.00   3.00   0.00   3.00
        262  262   18.0   18.0  1.200   5.00   3.00   0.00   3.00
        263  263   18.0   18.0  1.200   5.00   3.00   0.00   3.00
        264  264   18.0   18.0  1.200   5.00   3.00   0.00   3.00
        265  265   18.0   18.0  1.200   5.00   3.00   0.00   3.00
        266  266   18.0   18.0  1.200   5.00   3.00   0.00   3.00
        267  267   18.0   18.0  1.200   5.00   3.00   0.00   3.00
        268  268   18.0   18.0  1.200   5.00   3.00   0.00   3.00
        269  269   18.0   18.0  1.200   5.00   3.00   0.00   3.00
        270  270   18.0   18.0  1.200   5.00   3.00   0.00   3.00
        271  271   18.0   18.0  1.200   5.00   3.00   0.00   3.00
        272  272   18.0   18.0  1.200   5.00   3.00   0.00   3.00
        273  273   18.0   18.0  1.200   5.00   3.00   0.00   3.00
        274  274   18.0   18.0  1.200   5.00   3.00   0.00   3.00
        275  275   18.0   18.0  1.200   5.00   3.00   0.00   3.00
        276  276   18.0   18.0  1.200   5.00   3.00   0.00   3.00
        277  277   18.0   18.0  1.200   5.00   3.00   0.00   3.00
        278  278   18.0   18.0  1.200   5.00   3.00   0.00   3.00
        279  279   18.0   18.0  1.200   5.00   3.00   0.00   3.00
        280  280   18.0   18.0  1.200   5.00   3.00   0.00   3.00
        281  281   18.0   18.0  1.200   5.00   3.00   0.00   3.00
        282  282   18.0   18.0  1.200   5.00   3.00   0.00   3.00
        283  283   18.0   18.0  1.200   5.00   3.00   0.00   3.00
        284  284   18.0   18.0  1.200   5.00   3.00   0.00   3.00
        285  285   18.0   18.0  1.200   5.00   3.00   0.00   3.00
        286  286   18.0   18.0  1.200   5.00   3.00   0.00   3.00
        287  287   18.0   18.0  1.200   5.00   3.00   0.00   3.00
        288  288   18.0   18.0  1.200   5.00   3.00   0.00   3.00
        289  289   18.0   18.0  1.200   5.00   3.00   0.00   3.00
        290  290   18.0   18.0  1.200   5.00   3.00   0.00   3.00
        291  291   18.0   18.0  1.200   5.00   3.00   0.00   3.00
        292  292   18.0   18.0  1.200   5.00   3.00   0.00   3.00
        293  293   18.0   18.0  1.200   5.00   3.00   0.00   3.00
        294  294   18.0   18.0  1.200   5.00   3.00   0.00   3.00
        295  295   18.0   18.0  1.200   5.00   3.00   0.00   3.00
        296  296   18.0   18.0  1.200   5.00   3.00   0.00   3.00
        297  297   18.0   18.0  1.200   5.00   3.00   0.00   3.00
        298  298   18.0   18.0  1.200   5.00   3.00   0.00   3.00
        299  299   18.0   18.0  1.200   5.00   3.00   0.00   3.00
        300  300   18.0   18.0  1.200   5.00   3.00   0.00   3.00
        301  301   18.0   18.0  1.200   5.00   3.00   0.00   3.00
        302  302   18.0   18.0  1.200   5.00   3.00   0.00   3.00
        303  303   18.0   18.0  1.200   5.00   3.00   0.00   3.00
        304  304   18.0   18.0  1.197   5.00   3.00   0.00   3.00
        305  305   18.0   18.0  1.193   5.00   3.00   0.00   3.00
        306  306   18.0   18.0  1.190   5.00   3.00   0.00   3.00
        307  307   18.0   18.0  1.187   5.00   3.00   0.00   3.00
        308  308   18.0   18.0  1.184   5.00   3.00   0.00   3.00
        309  309   18.0   18.0  1.180   5.00   3.00   0.00   3.00
        310  310   18.0   18.0  1.177   5.00   3.00   0.00   3.00
        311  311   18.0   18.0  1.174   5.00   3.00   0.00   3.00
        312  312   18.0   18.0  1.171   5.00   3.00   0.00   3.00
        313  313   18.0   18.0  1.167   5.00   3.00   0.00   3.00
        314  314   18.0   18.0  1.164   5.00   3.00   0.00   3.00
        315  315   18.0   18.0  1.161   5.00   3.00   0.00   3.00
        316  316   18.0   18.0  1.158   5.00   3.00   0.00   3.00
        317  317   18.0   18.0  1.154   5.00   3.00   0.00   3.00
        318  318   18.0   18.0  1.151   5.00   3.00   0.00   3.00
        319  319   18.0   18.0  1.148   5.00   3.00   0.00   3.00
        320  320   18.0   18.0  1.145   5.00   3.00   0.00   3.00
        321  321   18.0   18.0  1.141   5.00   3.00   0.00   3.00
        322  322   18.0   18.0  1.138   5.00   3.00   0.00   3.00
        323  323   18.0   18.0  1.135   5.00   3.00   0.00   3.00
        324  324   18.0   18.0  1.132   5.00   3.00   0.00   3.00
        325  325   18.0   18.0  1.128   5.00   3.00   0.00   3.00
        326  326   18.0   18.0  1.125   5.00   3.00   0.00   3.00
        327  327   18.0   18.0  1.122   5.00   3.00   0.00   3.00
        328  328   18.0   18.0  1.118   5.00   3.00   0.00   3.00
        329  329   18.0   18.0  1.115   5.00   3.00   0.00   3.00
        330  330   18.0   18.0  1.112   5.00   3.00   0.00   3.00
        331  331   18.0   18.0  1.109   5.00   3.00   0.00   3.00
        332  332   18.0   18.0  1.105   5.00   3.00   0.00   3.00
        333  333   18.0   18.0  1.102   5.00   3.00   0.00   3.00
        334  334   18.0   18.0  1.099   5.00   3.00   0.00   3.00
        335  335   18.0   18.0  1.096   5.00   3.00   0.00   3.00
        336  336   18.0   18.0  1.092   5.00   3.00   0.00   3.00
        337  337   18.0   18.0  1.089   5.00   3.00   0.00   3.00
        338  338   18.0   18.0  1.086   5.00   3.00   0.00   3.00
        339  339   18.0   18.0  1.083   5.00   3.00   0.00   3.00
        340  340   18.0   18.0  1.079   5.00   3.00   0.00   3.00
        341  341   18.0   18.0  1.076   5.00   3.00   0.00   3.00
        342  342   18.0   18.0  1.073   5.00   3.00   0.00   3.00
        343  343   18.0   18.0  1.070   5.00   3.00   0.00   3.00
        344  344   18.0   18.0  1.066   5.00   3.00   0.00   3.00
        345  345   18.0   18.0  1.063   5.00   3.00   0.00   3.00
        346  346   18.0   18.0  1.060   5.00   3.00   0.00   3.00
        347  347   18.0   18.0  1.057   5.00   3.00   0.00   3.00
        348  348   18.0   18.0  1.053   5.00   3.00   0.00   3.00
        349  349   18.0   18.0  1.050   5.00   3.00   0.00   3.00
       

       OUTPUT DAILY COMPONENTS OF SOIL WATER BUDGET FOR DEBUGGING

                            YEAR =   1
 CDY JDY  SWCN SWCI  ETP   KC  ET  RAIN  ER   DR     SWMX  SWIX SWIR  NIR  IRR
 166 166  0.00 3.00 0.185 0.00 0.185 0.07 0.07 0.00  5.00 3.00 3.00 0.42Infinity
 167 167  0.00 3.00 0.185 0.00 0.185 0.01 0.01 0.00  5.00 3.00 3.00 0.18Infinity
 168 168  0.00 3.00 0.169 0.00 0.169 0.07 0.07 0.00  5.00 3.00 3.00 0.10Infinity
 169 169  0.00 3.00 0.217 0.00 0.217 0.00 0.00 0.00  5.00 3.00 3.00 0.22Infinity
 170 170  0.00 3.00 0.209 0.00 0.209 0.00 0.00 0.00  5.00 3.00 3.00 0.21Infinity
 171 171  0.00 3.00 0.181 0.00 0.181 0.00 0.00 0.00  5.00 3.00 3.00 0.18Infinity
 172 172  0.00 3.00 0.193 0.00 0.193 0.05 0.05 0.00  5.00 3.00 3.00 0.14Infinity
 173 173  0.00 3.00 0.209 0.00 0.209 0.01 0.01 0.00  5.00 3.00 3.00 0.20Infinity
 174 174  0.00 3.00 0.205 0.00 0.205 0.01 0.01 0.00  5.00 3.00 3.00 0.20Infinity
 175 175  0.00 3.00 0.201 0.00 0.201 0.01 0.01 0.00  5.00 3.00 3.00 0.19Infinity
 176 176  0.00 3.00 0.224 0.00 0.224 0.01 0.01 0.00  5.00 3.00 3.00 0.22Infinity
 177 177  0.00 3.00 0.209 0.00 0.209 0.08 0.08 0.00  5.00 3.00 3.00 0.13Infinity
 178 178  0.00 3.25 0.130 0.00 0.130 0.38 0.38 0.00  5.00 3.00 3.00 0.00  NaN
 179 179  0.00 3.19 0.220 0.00 0.220 0.16 0.16 0.00  5.00 3.00 3.00 0.00  NaN
 180 180  0.00 3.00 0.217 0.00 0.217 0.00 0.00 0.00  5.00 3.00 3.00 0.03Infinity
 181 181  0.00 3.44 0.173 0.00 0.173 0.61 0.61 0.00  5.00 3.00 3.00 0.00  NaN
 182 182  0.00 4.46 0.126 0.00 0.126 1.15 1.15 0.00  5.00 3.00 3.00 0.00  NaN
 183 183  0.00 5.00 0.146 0.00 0.146 1.17 0.69 0.48  5.00 3.00 3.00 0.00  NaN
 184 184  0.00 4.79 0.213 0.00 0.213 0.00 0.00 0.00  5.00 3.00 3.00 0.00  NaN
 185 185  0.00 5.00 0.173 0.00 0.173 1.38 0.39 0.99  5.00 3.00 3.00 0.00  NaN
 186 186  0.00 4.86 0.142 0.00 0.142 0.01 0.01 0.00  5.00 3.00 3.00 0.00  NaN
 187 187  0.00 5.00 0.150 0.00 0.150 0.89 0.29 0.60  5.00 3.00 3.00 0.00  NaN
 188 188  0.00 4.81 0.189 0.00 0.189 0.00 0.00 0.00  5.00 3.00 3.00 0.00  NaN
 189 189  0.00 4.63 0.177 0.00 0.177 0.00 0.00 0.00  5.00 3.00 3.00 0.00  NaN
 190 190  0.00 4.43 0.201 0.00 0.201 0.00 0.00 0.00  5.00 3.00 3.00 0.00  NaN
 191 191  0.00 4.62 0.169 0.00 0.169 0.36 0.36 0.00  5.00 3.00 3.00 0.00  NaN
 192 192  0.00 4.52 0.169 0.00 0.169 0.06 0.06 0.00  5.00 3.00 3.00 0.00  NaN
 193 193  0.00 5.00 0.189 0.00 0.189 0.98 0.67 0.31  5.00 3.00 3.00 0.00  NaN
 194 194  0.00 4.97 0.130 0.00 0.130 0.10 0.10 0.00  5.00 3.00 3.00 0.00  NaN
 195 195  0.00 4.84 0.134 0.00 0.134 0.01 0.01 0.00  5.00 3.00 3.00 0.00  NaN
 196 196  0.00 5.00 0.181 0.00 0.181 0.35 0.34 0.01  5.00 3.00 3.00 0.00  NaN
 197 197  0.00 4.82 0.189 0.00 0.189 0.01 0.01 0.00  5.00 3.00 3.00 0.00  NaN
 198 198  0.00 4.62 0.197 0.00 0.197 0.01 0.01 0.00  5.00 3.00 3.00 0.00  NaN
 199 199  0.00 4.41 0.213 0.00 0.213 0.00 0.00 0.00  5.00 3.00 3.00 0.00  NaN
 200 200  0.00 4.23 0.181 0.00 0.181 0.00 0.00 0.00  5.00 3.00 3.00 0.00  NaN
 201 201  0.00 4.06 0.173 0.00 0.173 0.00 0.00 0.00  5.00 3.00 3.00 0.00  NaN
 202 202  0.00 4.85 0.154 0.00 0.154 0.95 0.95 0.00  5.00 3.00 3.00 0.00  NaN
 203 203  0.00 4.64 0.217 0.00 0.217 0.00 0.00 0.00  5.00 3.00 3.00 0.00  NaN
 204 204  0.00 4.44 0.201 0.00 0.201 0.00 0.00 0.00  5.00 3.00 3.00 0.00  NaN
 205 205  0.00 4.22 0.213 0.00 0.213 0.00 0.00 0.00  5.00 3.00 3.00 0.00  NaN
 206 206  0.00 4.01 0.213 0.00 0.213 0.00 0.00 0.00  5.00 3.00 3.00 0.00  NaN
 207 207  0.00 3.83 0.205 0.00 0.205 0.03 0.03 0.00  5.00 3.00 3.00 0.00  NaN
 208 208  0.00 3.74 0.173 0.00 0.173 0.08 0.08 0.00  5.00 3.00 3.00 0.00  NaN
 209 209  0.00 3.84 0.169 0.00 0.169 0.27 0.27 0.00  5.00 3.00 3.00 0.00  NaN
 210 210  0.00 4.36 0.185 0.00 0.185 0.70 0.70 0.00  5.00 3.00 3.00 0.00  NaN
 211 211  0.00 4.24 0.197 0.00 0.197 0.08 0.08 0.00  5.00 3.00 3.00 0.00  NaN
 212 212  0.00 5.00 0.165 0.00 0.166 2.15 0.93 1.22  5.00 3.00 3.00 0.00  NaN
 213 213  0.00 4.92 0.138 0.00 0.139 0.06 0.06 0.00  5.00 3.00 3.00 0.00  NaN
 214 214  0.00 4.87 0.098 0.00 0.099 0.05 0.05 0.00  5.00 3.00 3.00 0.00  NaN
 215 215  0.00 4.73 0.138 0.00 0.140 0.00 0.00 0.00  5.00 3.00 3.00 0.00  NaN
 216 216  0.00 4.57 0.165 0.00 0.169 0.01 0.01 0.00  5.00 3.00 3.00 0.00  NaN
 217 217  0.00 5.00 0.122 0.00 0.125 0.58 0.56 0.02  5.00 3.00 3.00 0.00  NaN
 218 218  0.00 4.85 0.154 0.00 0.159 0.01 0.01 0.00  5.00 3.00 3.00 0.00  NaN
 219 219  0.00 4.64 0.201 0.00 0.208 0.00 0.00 0.00  5.00 3.00 3.00 0.00  NaN
 220 220  0.00 4.47 0.165 0.00 0.171 0.01 0.01 0.00  5.00 3.00 3.00 0.00  NaN
 221 221  0.00 4.28 0.185 0.00 0.193 0.00 0.00 0.00  5.00 3.00 3.00 0.00  NaN
 222 222  0.00 4.10 0.173 0.00 0.181 0.00 0.00 0.00  5.00 3.00 3.00 0.00  NaN
 223 223  0.00 3.96 0.134 0.00 0.141 0.01 0.01 0.00  5.00 3.00 3.00 0.00  NaN
 224 224  0.00 3.76 0.193 0.00 0.204 0.00 0.00 0.00  5.00 3.00 3.00 0.00  NaN
 225 225  0.00 3.56 0.189 0.00 0.201 0.00 0.00 0.00  5.00 3.00 3.00 0.00  NaN
 226 226  0.00 3.38 0.173 0.00 0.184 0.01 0.01 0.00  5.00 3.00 3.00 0.00  NaN
 227 227  0.00 3.45 0.134 0.00 0.143 0.22 0.22 0.00  5.00 3.00 3.00 0.00  NaN
 228 228  0.00 3.32 0.126 0.00 0.135 0.01 0.01 0.00  5.00 3.00 3.00 0.00  NaN
 229 229  0.00 3.43 0.146 0.00 0.157 0.26 0.26 0.00  5.00 3.00 3.00 0.00  NaN
 230 230  0.00 3.27 0.154 0.00 0.167 0.01 0.01 0.00  5.00 3.00 3.00 0.00  NaN
 231 231  0.00 3.20 0.098 0.00 0.107 0.04 0.04 0.00  5.00 3.00 3.00 0.00  NaN
 232 232  0.00 3.05 0.142 0.00 0.155 0.01 0.01 0.00  5.00 3.00 3.00 0.00  NaN
 233 233  0.00 3.13 0.161 0.00 0.176 0.26 0.26 0.00  5.00 3.00 3.00 0.00  NaN
 234 234  0.00 3.00 0.193 0.00 0.212 0.00 0.00 0.00  5.00 3.00 3.00 0.08Infinity
 235 235  0.00 3.00 0.197 0.00 0.218 0.00 0.00 0.00  5.00 3.00 3.00 0.22Infinity
 236 236  0.00 3.00 0.154 0.00 0.171 0.01 0.01 0.00  5.00 3.00 3.00 0.17Infinity
 237 237  0.00 3.05 0.134 0.00 0.149 0.20 0.20 0.00  5.00 3.00 3.00 0.00  NaN
 238 238  0.00 3.00 0.236 0.00 0.264 0.00 0.00 0.00  5.00 3.00 3.00 0.21Infinity
 239 239  0.00 3.12 0.193 0.00 0.216 0.34 0.34 0.00  5.00 3.00 3.00 0.00  NaN
 240 240  0.00 3.00 0.150 0.00 0.169 0.01 0.01 0.00  5.00 3.00 3.00 0.04Infinity
 241 241  0.00 3.00 0.193 0.00 0.218 0.00 0.00 0.00  5.00 3.00 3.00 0.22Infinity
 242 242  0.00 3.00 0.138 0.00 0.157 0.10 0.10 0.00  5.00 3.00 3.00 0.06Infinity
 243 243  0.00 3.01 0.189 0.00 0.215 0.23 0.23 0.00  5.00 3.00 3.00 0.00  NaN
 244 244  0.00 3.00 0.181 0.00 0.207 0.00 0.00 0.00  5.00 3.00 3.00 0.19Infinity
 245 245  0.00 3.00 0.189 0.00 0.217 0.00 0.00 0.00  5.00 3.00 3.00 0.22Infinity
 246 246  0.00 3.00 0.161 0.00 0.186 0.01 0.01 0.00  5.00 3.00 3.00 0.18Infinity
 247 247  0.00 4.36 0.157 0.00 0.182 1.54 1.54 0.00  5.00 3.00 3.00 0.00  NaN
 248 248  0.00 4.18 0.161 0.00 0.187 0.01 0.01 0.00  5.00 3.00 3.00 0.00  NaN
 249 249  0.00 3.99 0.161 0.00 0.188 0.00 0.00 0.00  5.00 3.00 3.00 0.00  NaN
 250 250  0.00 3.82 0.146 0.00 0.171 0.00 0.00 0.00  5.00 3.00 3.00 0.00  NaN
 251 251  0.00 3.60 0.193 0.00 0.227 0.01 0.01 0.00  5.00 3.00 3.00 0.00  NaN
 252 252  0.00 3.32 0.232 0.00 0.273 0.00 0.00 0.00  5.00 3.00 3.00 0.00  NaN
 253 253  0.00 3.11 0.213 0.00 0.252 0.04 0.04 0.00  5.00 3.00 3.00 0.00  NaN
 254 254  0.00 3.00 0.150 0.00 0.178 0.05 0.05 0.00  5.00 3.00 3.00 0.02Infinity
 255 255  0.00 3.08 0.110 0.00 0.131 0.21 0.21 0.00  5.00 3.00 3.00 0.00  NaN
 256 256  0.00 3.00 0.213 0.00 0.255 0.00 0.00 0.00  5.00 3.00 3.00 0.18Infinity
 257 257  0.00 3.00 0.165 0.00 0.198 0.02 0.02 0.00  5.00 3.00 3.00 0.18Infinity
 258 258  0.00 3.00 0.181 0.00 0.217 0.00 0.00 0.00  5.00 3.00 3.00 0.22Infinity
 259 259  0.00 3.00 0.130 0.00 0.156 0.00 0.00 0.00  5.00 3.00 3.00 0.16Infinity
 260 260  0.00 3.00 0.161 0.00 0.193 0.00 0.00 0.00  5.00 3.00 3.00 0.19Infinity
 261 261  0.00 3.00 0.173 0.00 0.208 0.01 0.01 0.00  5.00 3.00 3.00 0.20Infinity
 262 262  0.00 3.00 0.146 0.00 0.175 0.14 0.14 0.00  5.00 3.00 3.00 0.04Infinity
 263 263  0.00 3.15 0.154 0.00 0.185 0.33 0.33 0.00  5.00 3.00 3.00 0.00  NaN
 264 264  0.00 3.11 0.098 0.00 0.118 0.08 0.08 0.00  5.00 3.00 3.00 0.00  NaN
 265 265  0.00 4.25 0.122 0.00 0.146 1.29 1.29 0.00  5.00 3.00 3.00 0.00  NaN
 266 266  0.00 4.13 0.106 0.00 0.127 0.01 0.01 0.00  5.00 3.00 3.00 0.00  NaN
 267 267  0.00 5.00 0.118 0.00 0.142 1.29 1.01 0.28  5.00 3.00 3.00 0.00  NaN
 268 268  0.00 4.81 0.161 0.00 0.193 0.00 0.00 0.00  5.00 3.00 3.00 0.00  NaN
 269 269  0.00 4.69 0.102 0.00 0.122 0.01 0.01 0.00  5.00 3.00 3.00 0.00  NaN
 270 270  0.00 4.50 0.161 0.00 0.193 0.01 0.01 0.00  5.00 3.00 3.00 0.00  NaN
 271 271  0.00 4.57 0.150 0.00 0.180 0.25 0.25 0.00  5.00 3.00 3.00 0.00  NaN
 272 272  0.00 4.38 0.161 0.00 0.193 0.01 0.01 0.00  5.00 3.00 3.00 0.00  NaN
 273 273  0.00 4.16 0.185 0.00 0.222 0.00 0.00 0.00  5.00 3.00 3.00 0.00  NaN
 274 274  0.00 4.05 0.098 0.00 0.118 0.01 0.01 0.00  5.00 3.00 3.00 0.00  NaN
 275 275  0.00 3.88 0.138 0.00 0.166 0.00 0.00 0.00  5.00 3.00 3.00 0.00  NaN
 276 276  0.00 3.68 0.165 0.00 0.198 0.00 0.00 0.00  5.00 3.00 3.00 0.00  NaN
 277 277  0.00 3.49 0.165 0.00 0.198 0.01 0.01 0.00  5.00 3.00 3.00 0.00  NaN
 278 278  0.00 3.34 0.130 0.00 0.156 0.01 0.01 0.00  5.00 3.00 3.00 0.00  NaN
 279 279  0.00 3.84 0.110 0.00 0.132 0.63 0.63 0.00  5.00 3.00 3.00 0.00  NaN
 280 280  0.00 4.06 0.075 0.00 0.090 0.31 0.31 0.00  5.00 3.00 3.00 0.00  NaN
 281 281  0.00 5.00 0.067 0.00 0.080 1.04 1.02 0.02  5.00 3.00 3.00 0.00  NaN
 282 282  0.00 4.90 0.087 0.00 0.104 0.01 0.01 0.00  5.00 3.00 3.00 0.00  NaN
 283 283  0.00 4.79 0.091 0.00 0.109 0.00 0.00 0.00  5.00 3.00 3.00 0.00  NaN
 284 284  0.00 4.67 0.102 0.00 0.122 0.01 0.01 0.00  5.00 3.00 3.00 0.00  NaN
 285 285  0.00 4.57 0.094 0.00 0.113 0.01 0.01 0.00  5.00 3.00 3.00 0.00  NaN
 286 286  0.00 4.83 0.130 0.00 0.156 0.42 0.42 0.00  5.00 3.00 3.00 0.00  NaN
 287 287  0.00 4.69 0.118 0.00 0.142 0.01 0.01 0.00  5.00 3.00 3.00 0.00  NaN
 288 288  0.00 5.00 0.114 0.00 0.137 1.71 0.44 1.27  5.00 3.00 3.00 0.00  NaN
 289 289  0.00 4.88 0.102 0.00 0.122 0.00 0.00 0.00  5.00 3.00 3.00 0.00  NaN
 290 290  0.00 5.00 0.063 0.00 0.076 0.37 0.20 0.17  5.00 3.00 3.00 0.00  NaN
 291 291  0.00 5.00 0.067 0.00 0.080 0.14 0.08 0.06  5.00 3.00 3.00 0.00  NaN
 292 292  0.00 5.00 0.063 0.00 0.076 1.70 0.08 1.62  5.00 3.00 3.00 0.00  NaN
 293 293  0.00 5.00 0.075 0.00 0.090 0.54 0.09 0.45  5.00 3.00 3.00 0.00  NaN
 294 294  0.00 4.85 0.134 0.00 0.161 0.01 0.01 0.00  5.00 3.00 3.00 0.00  NaN
 295 295  0.00 4.70 0.126 0.00 0.151 0.01 0.01 0.00  5.00 3.00 3.00 0.00  NaN
 296 296  0.00 4.56 0.126 0.00 0.151 0.01 0.01 0.00  5.00 3.00 3.00 0.00  NaN
 297 297  0.00 4.37 0.161 0.00 0.193 0.00 0.00 0.00  5.00 3.00 3.00 0.00  NaN
 298 298  0.00 4.18 0.161 0.00 0.193 0.00 0.00 0.00  5.00 3.00 3.00 0.00  NaN
 299 299  0.00 4.01 0.138 0.00 0.166 0.01 0.01 0.00  5.00 3.00 3.00 0.00  NaN
 300 300  0.00 4.07 0.106 0.00 0.127 0.18 0.18 0.00  5.00 3.00 3.00 0.00  NaN
 301 301  0.00 3.89 0.150 0.00 0.180 0.00 0.00 0.00  5.00 3.00 3.00 0.00  NaN
 302 302  0.00 3.68 0.169 0.00 0.203 0.00 0.00 0.00  5.00 3.00 3.00 0.00  NaN
 303 303  0.00 3.48 0.169 0.00 0.203 0.00 0.00 0.00  5.00 3.00 3.00 0.00  NaN
 304 304  0.00 3.34 0.122 0.00 0.146 0.00 0.00 0.00  5.00 3.00 3.00 0.00  NaN
 305 305  0.00 3.16 0.146 0.00 0.174 0.00 0.00 0.00  5.00 3.00 3.00 0.00  NaN
 306 306  0.00 3.00 0.142 0.00 0.169 0.00 0.00 0.00  5.00 3.00 3.00 0.01Infinity
 307 307  0.00 3.00 0.126 0.00 0.150 0.00 0.00 0.00  5.00 3.00 3.00 0.15Infinity
 308 308  0.00 3.00 0.130 0.00 0.154 0.00 0.00 0.00  5.00 3.00 3.00 0.15Infinity
 309 309  0.00 3.00 0.110 0.00 0.130 0.00 0.00 0.00  5.00 3.00 3.00 0.13Infinity
 310 310  0.00 3.00 0.059 0.00 0.069 0.01 0.01 0.00  5.00 3.00 3.00 0.06Infinity
 311 311  0.00 3.00 0.134 0.00 0.157 0.00 0.00 0.00  5.00 3.00 3.00 0.16Infinity
 312 312  0.00 3.00 0.142 0.00 0.166 0.00 0.00 0.00  5.00 3.00 3.00 0.17Infinity
 313 313  0.00 3.00 0.102 0.00 0.119 0.00 0.00 0.00  5.00 3.00 3.00 0.12Infinity
 314 314  0.00 3.00 0.091 0.00 0.106 0.01 0.01 0.00  5.00 3.00 3.00 0.10Infinity
 315 315  0.00 3.00 0.075 0.00 0.087 0.01 0.01 0.00  5.00 3.00 3.00 0.08Infinity
 316 316  0.00 3.00 0.063 0.00 0.073 0.00 0.00 0.00  5.00 3.00 3.00 0.07Infinity
 317 317  0.00 3.00 0.098 0.00 0.113 0.00 0.00 0.00  5.00 3.00 3.00 0.11Infinity
 318 318  0.00 3.00 0.075 0.00 0.086 0.00 0.00 0.00  5.00 3.00 3.00 0.09Infinity
 319 319  0.00 3.00 0.102 0.00 0.117 0.00 0.00 0.00  5.00 3.00 3.00 0.12Infinity
 320 320  0.00 3.00 0.102 0.00 0.117 0.00 0.00 0.00  5.00 3.00 3.00 0.12Infinity
 321 321  0.00 3.00 0.130 0.00 0.148 0.00 0.00 0.00  5.00 3.00 3.00 0.15Infinity
 322 322  0.00 3.00 0.122 0.00 0.139 0.00 0.00 0.00  5.00 3.00 3.00 0.14Infinity
 323 323  0.00 3.00 0.075 0.00 0.085 0.00 0.00 0.00  5.00 3.00 3.00 0.09Infinity
 324 324  0.00 4.60 0.059 0.00 0.067 1.67 1.67 0.00  5.00 3.00 3.00 0.00  NaN
 325 325  0.00 4.56 0.091 0.00 0.103 0.06 0.06 0.00  5.00 3.00 3.00 0.00  NaN
 326 326  0.00 4.48 0.075 0.00 0.084 0.00 0.00 0.00  5.00 3.00 3.00 0.00  NaN
 327 327  0.00 4.38 0.087 0.00 0.098 0.00 0.00 0.00  5.00 3.00 3.00 0.00  NaN
 328 328  0.00 4.26 0.110 0.00 0.123 0.00 0.00 0.00  5.00 3.00 3.00 0.00  NaN
 329 329  0.00 4.14 0.102 0.00 0.114 0.00 0.00 0.00  5.00 3.00 3.00 0.00  NaN
 330 330  0.00 4.05 0.087 0.00 0.097 0.00 0.00 0.00  5.00 3.00 3.00 0.00  NaN
 331 331  0.00 3.95 0.087 0.00 0.096 0.00 0.00 0.00  5.00 3.00 3.00 0.00  NaN
 332 332  0.00 3.79 0.146 0.00 0.161 0.00 0.00 0.00  5.00 3.00 3.00 0.00  NaN
 333 333  0.00 3.67 0.102 0.00 0.112 0.00 0.00 0.00  5.00 3.00 3.00 0.00  NaN
 334 334  0.00 3.56 0.102 0.00 0.112 0.00 0.00 0.00  5.00 3.00 3.00 0.00  NaN
 335 335  0.00 3.45 0.102 0.00 0.112 0.00 0.00 0.00  5.00 3.00 3.00 0.00  NaN
 336 336  0.00 3.37 0.075 0.00 0.082 0.00 0.00 0.00  5.00 3.00 3.00 0.00  NaN
 337 337  0.00 3.28 0.083 0.00 0.090 0.00 0.00 0.00  5.00 3.00 3.00 0.00  NaN
 338 338  0.00 3.16 0.106 0.00 0.115 0.00 0.00 0.00  5.00 3.00 3.00 0.00  NaN
 339 339  0.00 3.09 0.071 0.00 0.077 0.01 0.01 0.00  5.00 3.00 3.00 0.00  NaN
 340 340  0.00 3.00 0.106 0.00 0.114 0.00 0.00 0.00  5.00 3.00 3.00 0.02Infinity
 341 341  0.00 3.00 0.102 0.00 0.110 0.00 0.00 0.00  5.00 3.00 3.00 0.11Infinity
 342 342  0.00 3.00 0.091 0.00 0.098 0.00 0.00 0.00  5.00 3.00 3.00 0.10Infinity
 343 343  0.00 3.00 0.098 0.00 0.105 0.00 0.00 0.00  5.00 3.00 3.00 0.10Infinity
 344 344  0.00 3.00 0.087 0.00 0.093 0.01 0.01 0.00  5.00 3.00 3.00 0.09Infinity
 345 345  0.00 3.00 0.102 0.00 0.108 0.00 0.00 0.00  5.00 3.00 3.00 0.11Infinity
 346 346  0.00 3.00 0.075 0.00 0.079 0.00 0.00 0.00  5.00 3.00 3.00 0.08Infinity
 347 347  0.00 3.00 0.043 0.00 0.045 0.04 0.04 0.00  5.00 3.00 3.00 0.01Infinity
 348 348  0.00 3.00 0.059 0.00 0.062 0.04 0.04 0.00  5.00 3.00 3.00 0.02Infinity
 349 349  0.00 3.00 0.079 0.00 0.083 0.01 0.01 0.00  5.00 3.00 3.00 0.08Infinity


       OUTPUT DAILY COMPONENTS OF SOIL WATER BUDGET FOR DEBUGGING

                            YEAR =   2
 CDY JDY  SWCN SWCI  ETP   KC  ET  RAIN  ER   DR     SWMX  SWIX SWIR  NIR  IRR
 166 166  0.00 3.00 0.197 0.00 0.197 0.00 0.00 0.00  5.00 3.00 3.00 0.50Infinity
 167 167  0.00 3.00 0.193 0.00 0.193 0.01 0.01 0.00  5.00 3.00 3.00 0.19Infinity
 168 168  0.00 3.00 0.197 0.00 0.197 0.00 0.00 0.00  5.00 3.00 3.00 0.20Infinity
 169 169  0.00 4.28 0.154 0.00 0.154 1.43 1.43 0.00  5.00 3.00 3.00 0.00  NaN
 170 170  0.00 4.05 0.224 0.00 0.224 0.00 0.00 0.00  5.00 3.00 3.00 0.00  NaN
 171 171  0.00 3.84 0.220 0.00 0.220 0.01 0.01 0.00  5.00 3.00 3.00 0.00  NaN
 172 172  0.00 4.10 0.169 0.00 0.169 0.43 0.43 0.00  5.00 3.00 3.00 0.00  NaN
 173 173  0.00 3.90 0.205 0.00 0.205 0.01 0.01 0.00  5.00 3.00 3.00 0.00  NaN
 174 174  0.00 4.77 0.205 0.00 0.205 1.07 1.07 0.00  5.00 3.00 3.00 0.00  NaN
 175 175  0.00 5.00 0.181 0.00 0.181 0.90 0.41 0.49  5.00 3.00 3.00 0.00  NaN
 176 176  0.00 5.00 0.142 0.00 0.142 0.27 0.14 0.13  5.00 3.00 3.00 0.00  NaN
 177 177  0.00 5.00 0.126 0.00 0.126 0.65 0.13 0.52  5.00 3.00 3.00 0.00  NaN
 178 178  0.00 4.99 0.193 0.00 0.193 0.18 0.18 0.00  5.00 3.00 3.00 0.00  NaN
 179 179  0.00 4.75 0.240 0.00 0.240 0.01 0.01 0.00  5.00 3.00 3.00 0.00  NaN
 180 180  0.00 4.49 0.260 0.00 0.260 0.00 0.00 0.00  5.00 3.00 3.00 0.00  NaN
 181 181  0.00 4.25 0.244 0.00 0.244 0.00 0.00 0.00  5.00 3.00 3.00 0.00  NaN
 182 182  0.00 4.05 0.197 0.00 0.197 0.00 0.00 0.00  5.00 3.00 3.00 0.00  NaN
 183 183  0.00 3.85 0.205 0.00 0.205 0.01 0.01 0.00  5.00 3.00 3.00 0.00  NaN
 184 184  0.00 3.68 0.173 0.00 0.173 0.00 0.00 0.00  5.00 3.00 3.00 0.00  NaN
 185 185  0.00 3.48 0.201 0.00 0.201 0.00 0.00 0.00  5.00 3.00 3.00 0.00  NaN
 186 186  0.00 3.28 0.197 0.00 0.197 0.00 0.00 0.00  5.00 3.00 3.00 0.00  NaN
 187 187  0.00 3.08 0.201 0.00 0.201 0.00 0.00 0.00  5.00 3.00 3.00 0.00  NaN
 188 188  0.00 3.00 0.224 0.00 0.224 0.00 0.00 0.00  5.00 3.00 3.00 0.15Infinity
 189 189  0.00 3.00 0.209 0.00 0.209 0.00 0.00 0.00  5.00 3.00 3.00 0.21Infinity
 190 190  0.00 3.00 0.205 0.00 0.205 0.00 0.00 0.00  5.00 3.00 3.00 0.21Infinity
 191 191  0.00 3.00 0.169 0.00 0.169 0.01 0.01 0.00  5.00 3.00 3.00 0.16Infinity
 192 192  0.00 3.16 0.181 0.00 0.181 0.34 0.34 0.00  5.00 3.00 3.00 0.00  NaN
 193 193  0.00 3.00 0.236 0.00 0.236 0.00 0.00 0.00  5.00 3.00 3.00 0.08Infinity
 194 194  0.00 3.00 0.209 0.00 0.209 0.00 0.00 0.00  5.00 3.00 3.00 0.21Infinity
 195 195  0.00 3.00 0.209 0.00 0.209 0.00 0.00 0.00  5.00 3.00 3.00 0.21Infinity
 196 196  0.00 3.00 0.161 0.00 0.161 0.01 0.01 0.00  5.00 3.00 3.00 0.16Infinity
 197 197  0.00 3.91 0.169 0.00 0.169 1.08 1.08 0.00  5.00 3.00 3.00 0.00  NaN
 198 198  0.00 3.77 0.177 0.00 0.177 0.04 0.04 0.00  5.00 3.00 3.00 0.00  NaN
 199 199  0.00 4.75 0.217 0.00 0.217 1.19 1.19 0.00  5.00 3.00 3.00 0.00  NaN
 200 200  0.00 4.58 0.173 0.00 0.173 0.01 0.01 0.00  5.00 3.00 3.00 0.00  NaN
 201 201  0.00 4.40 0.181 0.00 0.181 0.01 0.01 0.00  5.00 3.00 3.00 0.00  NaN
 202 202  0.00 4.24 0.185 0.00 0.185 0.02 0.02 0.00  5.00 3.00 3.00 0.00  NaN
 203 203  0.00 4.08 0.193 0.00 0.193 0.03 0.03 0.00  5.00 3.00 3.00 0.00  NaN
 204 204  0.00 5.00 0.094 0.00 0.094 1.15 1.02 0.13  5.00 3.00 3.00 0.00  NaN
 205 205  0.00 5.00 0.118 0.00 0.118 0.38 0.12 0.26  5.00 3.00 3.00 0.00  NaN
 206 206  0.00 5.00 0.193 0.00 0.193 0.90 0.19 0.71  5.00 3.00 3.00 0.00  NaN
 207 207  0.00 4.99 0.154 0.00 0.154 0.14 0.14 0.00  5.00 3.00 3.00 0.00  NaN
 208 208  0.00 4.83 0.154 0.00 0.154 0.00 0.00 0.00  5.00 3.00 3.00 0.00  NaN
 209 209  0.00 4.68 0.150 0.00 0.150 0.00 0.00 0.00  5.00 3.00 3.00 0.00  NaN
 210 210  0.00 5.00 0.177 0.00 0.177 1.48 0.50 0.98  5.00 3.00 3.00 0.00  NaN
 211 211  0.00 4.92 0.118 0.00 0.118 0.04 0.04 0.00  5.00 3.00 3.00 0.00  NaN
 212 212  0.00 4.74 0.185 0.00 0.186 0.00 0.00 0.00  5.00 3.00 3.00 0.00  NaN
 213 213  0.00 4.55 0.189 0.00 0.191 0.00 0.00 0.00  5.00 3.00 3.00 0.00  NaN
 214 214  0.00 4.47 0.173 0.00 0.175 0.10 0.10 0.00  5.00 3.00 3.00 0.00  NaN
 215 215  0.00 4.44 0.185 0.00 0.188 0.16 0.16 0.00  5.00 3.00 3.00 0.00  NaN
 216 216  0.00 4.24 0.193 0.00 0.197 0.00 0.00 0.00  5.00 3.00 3.00 0.00  NaN
 217 217  0.00 4.49 0.106 0.00 0.109 0.35 0.35 0.00  5.00 3.00 3.00 0.00  NaN
 218 218  0.00 4.28 0.197 0.00 0.203 0.00 0.00 0.00  5.00 3.00 3.00 0.00  NaN
 219 219  0.00 4.43 0.142 0.00 0.147 0.29 0.29 0.00  5.00 3.00 3.00 0.00  NaN
 220 220  0.00 5.00 0.142 0.00 0.148 0.90 0.72 0.18  5.00 3.00 3.00 0.00  NaN
 221 221  0.00 4.82 0.169 0.00 0.176 0.00 0.00 0.00  5.00 3.00 3.00 0.00  NaN
 222 222  0.00 4.68 0.154 0.00 0.161 0.02 0.02 0.00  5.00 3.00 3.00 0.00  NaN
 223 223  0.00 4.57 0.181 0.00 0.190 0.08 0.08 0.00  5.00 3.00 3.00 0.00  NaN
 224 224  0.00 4.58 0.201 0.00 0.212 0.22 0.22 0.00  5.00 3.00 3.00 0.00  NaN
 225 225  0.00 4.63 0.165 0.00 0.175 0.23 0.23 0.00  5.00 3.00 3.00 0.00  NaN
 226 226  0.00 4.47 0.157 0.00 0.167 0.00 0.00 0.00  5.00 3.00 3.00 0.00  NaN
 227 227  0.00 4.42 0.177 0.00 0.189 0.14 0.14 0.00  5.00 3.00 3.00 0.00  NaN
 228 228  0.00 4.78 0.154 0.00 0.165 0.53 0.53 0.00  5.00 3.00 3.00 0.00  NaN
 229 229  0.00 4.61 0.157 0.00 0.169 0.00 0.00 0.00  5.00 3.00 3.00 0.00  NaN
 230 230  0.00 4.50 0.126 0.00 0.136 0.02 0.02 0.00  5.00 3.00 3.00 0.00  NaN
 231 231  0.00 4.36 0.122 0.00 0.133 0.00 0.00 0.00  5.00 3.00 3.00 0.00  NaN
 232 232  0.00 4.26 0.150 0.00 0.164 0.06 0.06 0.00  5.00 3.00 3.00 0.00  NaN
 233 233  0.00 4.14 0.118 0.00 0.129 0.01 0.01 0.00  5.00 3.00 3.00 0.00  NaN
 234 234  0.00 4.07 0.122 0.00 0.134 0.07 0.07 0.00  5.00 3.00 3.00 0.00  NaN
 235 235  0.00 3.93 0.130 0.00 0.144 0.01 0.01 0.00  5.00 3.00 3.00 0.00  NaN
 236 236  0.00 3.97 0.102 0.00 0.113 0.15 0.15 0.00  5.00 3.00 3.00 0.00  NaN
 237 237  0.00 3.89 0.138 0.00 0.154 0.07 0.07 0.00  5.00 3.00 3.00 0.00  NaN
 238 238  0.00 4.46 0.134 0.00 0.150 0.72 0.72 0.00  5.00 3.00 3.00 0.00  NaN
 239 239  0.00 4.29 0.150 0.00 0.168 0.01 0.01 0.00  5.00 3.00 3.00 0.00  NaN
 240 240  0.00 4.25 0.130 0.00 0.146 0.10 0.10 0.00  5.00 3.00 3.00 0.00  NaN
 241 241  0.00 4.07 0.165 0.00 0.187 0.01 0.01 0.00  5.00 3.00 3.00 0.00  NaN
 242 242  0.00 4.48 0.177 0.00 0.201 0.61 0.61 0.00  5.00 3.00 3.00 0.00  NaN
 243 243  0.00 4.82 0.142 0.00 0.162 0.51 0.51 0.00  5.00 3.00 3.00 0.00  NaN
 244 244  0.00 5.00 0.087 0.00 0.099 0.44 0.28 0.16  5.00 3.00 3.00 0.00  NaN
 245 245  0.00 4.96 0.157 0.00 0.180 0.14 0.14 0.00  5.00 3.00 3.00 0.00  NaN
 246 246  0.00 4.85 0.106 0.00 0.122 0.01 0.01 0.00  5.00 3.00 3.00 0.00  NaN
 247 247  0.00 4.68 0.146 0.00 0.169 0.01 0.01 0.00  5.00 3.00 3.00 0.00  NaN
 248 248  0.00 4.49 0.169 0.00 0.196 0.01 0.01 0.00  5.00 3.00 3.00 0.00  NaN
 249 249  0.00 4.32 0.150 0.00 0.175 0.01 0.01 0.00  5.00 3.00 3.00 0.00  NaN
 250 250  0.00 4.30 0.114 0.00 0.133 0.11 0.11 0.00  5.00 3.00 3.00 0.00  NaN
 251 251  0.00 4.14 0.134 0.00 0.157 0.00 0.00 0.00  5.00 3.00 3.00 0.00  NaN
 252 252  0.00 4.44 0.169 0.00 0.199 0.50 0.50 0.00  5.00 3.00 3.00 0.00  NaN
 253 253  0.00 4.24 0.177 0.00 0.209 0.01 0.01 0.00  5.00 3.00 3.00 0.00  NaN
 254 254  0.00 4.00 0.201 0.00 0.239 0.00 0.00 0.00  5.00 3.00 3.00 0.00  NaN
 255 255  0.00 3.79 0.177 0.00 0.211 0.00 0.00 0.00  5.00 3.00 3.00 0.00  NaN
 256 256  0.00 3.61 0.154 0.00 0.184 0.00 0.00 0.00  5.00 3.00 3.00 0.00  NaN
 257 257  0.00 3.57 0.114 0.00 0.137 0.10 0.10 0.00  5.00 3.00 3.00 0.00  NaN
 258 258  0.00 5.00 0.075 0.00 0.090 1.77 1.52 0.25  5.00 3.00 3.00 0.00  NaN
 259 259  0.00 5.00 0.067 0.00 0.080 2.69 0.08 2.61  5.00 3.00 3.00 0.00  NaN
 260 260  0.00 5.00 0.106 0.00 0.127 0.15 0.13 0.02  5.00 3.00 3.00 0.00  NaN
 261 261  0.00 5.00 0.114 0.00 0.137 0.50 0.14 0.36  5.00 3.00 3.00 0.00  NaN
 262 262  0.00 4.88 0.142 0.00 0.170 0.05 0.05 0.00  5.00 3.00 3.00 0.00  NaN
 263 263  0.00 5.00 0.146 0.00 0.175 0.46 0.30 0.16  5.00 3.00 3.00 0.00  NaN
 264 264  0.00 4.93 0.130 0.00 0.156 0.09 0.09 0.00  5.00 3.00 3.00 0.00  NaN
 265 265  0.00 5.00 0.130 0.00 0.156 0.46 0.22 0.24  5.00 3.00 3.00 0.00  NaN
 266 266  0.00 4.82 0.169 0.00 0.203 0.02 0.02 0.00  5.00 3.00 3.00 0.00  NaN
 267 267  0.00 5.00 0.169 0.00 0.203 0.67 0.39 0.28  5.00 3.00 3.00 0.00  NaN
 268 268  0.00 4.86 0.118 0.00 0.142 0.01 0.01 0.00  5.00 3.00 3.00 0.00  NaN
 269 269  0.00 5.00 0.114 0.00 0.137 1.97 0.27 1.70  5.00 3.00 3.00 0.00  NaN
 270 270  0.00 5.00 0.150 0.00 0.180 0.27 0.18 0.09  5.00 3.00 3.00 0.00  NaN
 271 271  0.00 4.80 0.165 0.00 0.198 0.00 0.00 0.00  5.00 3.00 3.00 0.00  NaN
 272 272  0.00 4.63 0.142 0.00 0.170 0.00 0.00 0.00  5.00 3.00 3.00 0.00  NaN
 273 273  0.00 5.00 0.102 0.00 0.122 1.16 0.49 0.67  5.00 3.00 3.00 0.00  NaN
 274 274  0.00 4.96 0.110 0.00 0.132 0.09 0.09 0.00  5.00 3.00 3.00 0.00  NaN
 275 275  0.00 4.78 0.161 0.00 0.193 0.02 0.02 0.00  5.00 3.00 3.00 0.00  NaN
 276 276  0.00 4.73 0.150 0.00 0.180 0.13 0.13 0.00  5.00 3.00 3.00 0.00  NaN
 277 277  0.00 4.68 0.130 0.00 0.156 0.10 0.10 0.00  5.00 3.00 3.00 0.00  NaN
 278 278  0.00 4.52 0.138 0.00 0.166 0.01 0.01 0.00  5.00 3.00 3.00 0.00  NaN
 279 279  0.00 4.42 0.118 0.00 0.142 0.04 0.04 0.00  5.00 3.00 3.00 0.00  NaN
 280 280  0.00 4.22 0.165 0.00 0.198 0.01 0.01 0.00  5.00 3.00 3.00 0.00  NaN
 281 281  0.00 4.29 0.071 0.00 0.085 0.15 0.15 0.00  5.00 3.00 3.00 0.00  NaN
 282 282  0.00 4.62 0.091 0.00 0.109 0.44 0.44 0.00  5.00 3.00 3.00 0.00  NaN
 283 283  0.00 4.43 0.161 0.00 0.193 0.00 0.00 0.00  5.00 3.00 3.00 0.00  NaN
 284 284  0.00 4.26 0.142 0.00 0.170 0.00 0.00 0.00  5.00 3.00 3.00 0.00  NaN
 285 285  0.00 4.09 0.134 0.00 0.161 0.00 0.00 0.00  5.00 3.00 3.00 0.00  NaN
 286 286  0.00 3.90 0.161 0.00 0.193 0.00 0.00 0.00  5.00 3.00 3.00 0.00  NaN
 287 287  0.00 3.70 0.165 0.00 0.198 0.00 0.00 0.00  5.00 3.00 3.00 0.00  NaN
 288 288  0.00 3.51 0.161 0.00 0.193 0.00 0.00 0.00  5.00 3.00 3.00 0.00  NaN
 289 289  0.00 3.33 0.150 0.00 0.180 0.00 0.00 0.00  5.00 3.00 3.00 0.00  NaN
 290 290  0.00 3.31 0.122 0.00 0.146 0.13 0.13 0.00  5.00 3.00 3.00 0.00  NaN
 291 291  0.00 3.42 0.063 0.00 0.076 0.18 0.18 0.00  5.00 3.00 3.00 0.00  NaN
 292 292  0.00 3.24 0.150 0.00 0.180 0.00 0.00 0.00  5.00 3.00 3.00 0.00  NaN
 293 293  0.00 3.04 0.165 0.00 0.198 0.00 0.00 0.00  5.00 3.00 3.00 0.00  NaN
 294 294  0.00 3.00 0.142 0.00 0.170 0.01 0.01 0.00  5.00 3.00 3.00 0.13Infinity
 295 295  0.00 3.00 0.161 0.00 0.193 0.00 0.00 0.00  5.00 3.00 3.00 0.19Infinity
 296 296  0.00 3.00 0.122 0.00 0.146 0.00 0.00 0.00  5.00 3.00 3.00 0.15Infinity
 297 297  0.00 3.00 0.130 0.00 0.156 0.00 0.00 0.00  5.00 3.00 3.00 0.16Infinity
 298 298  0.00 3.00 0.106 0.00 0.127 0.00 0.00 0.00  5.00 3.00 3.00 0.13Infinity
 299 299  0.00 3.00 0.122 0.00 0.146 0.00 0.00 0.00  5.00 3.00 3.00 0.15Infinity
 300 300  0.00 3.00 0.102 0.00 0.122 0.00 0.00 0.00  5.00 3.00 3.00 0.12Infinity
 301 301  0.00 3.32 0.083 0.00 0.100 0.42 0.42 0.00  5.00 3.00 3.00 0.00  NaN
 302 302  0.00 3.15 0.138 0.00 0.166 0.00 0.00 0.00  5.00 3.00 3.00 0.00  NaN
 303 303  0.00 3.01 0.122 0.00 0.146 0.00 0.00 0.00  5.00 3.00 3.00 0.00  NaN
 304 304  0.00 3.00 0.110 0.00 0.132 0.00 0.00 0.00  5.00 3.00 3.00 0.12Infinity
 305 305  0.00 3.00 0.114 0.00 0.136 0.00 0.00 0.00  5.00 3.00 3.00 0.14Infinity
 306 306  0.00 3.00 0.126 0.00 0.150 0.00 0.00 0.00  5.00 3.00 3.00 0.15Infinity
 307 307  0.00 3.00 0.130 0.00 0.154 0.00 0.00 0.00  5.00 3.00 3.00 0.15Infinity
 308 308  0.00 3.00 0.106 0.00 0.125 0.00 0.00 0.00  5.00 3.00 3.00 0.13Infinity
 309 309  0.00 3.45 0.079 0.00 0.093 0.54 0.54 0.00  5.00 3.00 3.00 0.00  NaN
 310 310  0.00 3.36 0.075 0.00 0.088 0.01 0.01 0.00  5.00 3.00 3.00 0.00  NaN
 311 311  0.00 3.24 0.106 0.00 0.124 0.00 0.00 0.00  5.00 3.00 3.00 0.00  NaN
 312 312  0.00 3.10 0.118 0.00 0.138 0.00 0.00 0.00  5.00 3.00 3.00 0.00  NaN
 313 313  0.00 3.01 0.083 0.00 0.097 0.01 0.01 0.00  5.00 3.00 3.00 0.00  NaN
 314 314  0.00 3.11 0.051 0.00 0.059 0.16 0.16 0.00  5.00 3.00 3.00 0.00  NaN
 315 315  0.00 3.00 0.102 0.00 0.118 0.00 0.00 0.00  5.00 3.00 3.00 0.01Infinity
 316 316  0.00 3.00 0.134 0.00 0.155 0.00 0.00 0.00  5.00 3.00 3.00 0.16Infinity
 317 317  0.00 3.00 0.130 0.00 0.150 0.00 0.00 0.00  5.00 3.00 3.00 0.15Infinity
 318 318  0.00 3.00 0.138 0.00 0.159 0.00 0.00 0.00  5.00 3.00 3.00 0.16Infinity
 319 319  0.00 3.00 0.122 0.00 0.140 0.00 0.00 0.00  5.00 3.00 3.00 0.14Infinity
 320 320  0.00 3.00 0.106 0.00 0.121 0.00 0.00 0.00  5.00 3.00 3.00 0.12Infinity
 321 321  0.00 3.00 0.126 0.00 0.144 0.00 0.00 0.00  5.00 3.00 3.00 0.14Infinity
 322 322  0.00 3.00 0.118 0.00 0.134 0.00 0.00 0.00  5.00 3.00 3.00 0.13Infinity
 323 323  0.00 3.00 0.130 0.00 0.148 0.00 0.00 0.00  5.00 3.00 3.00 0.15Infinity
 324 324  0.00 3.19 0.098 0.00 0.111 0.30 0.30 0.00  5.00 3.00 3.00 0.00  NaN
 325 325  0.00 3.09 0.091 0.00 0.103 0.00 0.00 0.00  5.00 3.00 3.00 0.00  NaN
 326 326  0.00 3.01 0.075 0.00 0.084 0.01 0.01 0.00  5.00 3.00 3.00 0.00  NaN
 327 327  0.00 3.04 0.063 0.00 0.071 0.10 0.10 0.00  5.00 3.00 3.00 0.00  NaN
 328 328  0.00 5.00 0.063 0.00 0.070 3.11 2.03 1.08  5.00 3.00 3.00 0.00  NaN
 329 329  0.00 5.00 0.126 0.00 0.141 0.36 0.14 0.22  5.00 3.00 3.00 0.00  NaN
 330 330  0.00 5.00 0.094 0.00 0.105 0.32 0.10 0.22  5.00 3.00 3.00 0.00  NaN
 331 331  0.00 4.91 0.079 0.00 0.088 0.00 0.00 0.00  5.00 3.00 3.00 0.00  NaN
 332 332  0.00 4.81 0.094 0.00 0.104 0.00 0.00 0.00  5.00 3.00 3.00 0.00  NaN
 333 333  0.00 4.67 0.122 0.00 0.134 0.00 0.00 0.00  5.00 3.00 3.00 0.00  NaN
 334 334  0.00 4.56 0.102 0.00 0.112 0.00 0.00 0.00  5.00 3.00 3.00 0.00  NaN
 335 335  0.00 4.45 0.098 0.00 0.107 0.00 0.00 0.00  5.00 3.00 3.00 0.00  NaN
 336 336  0.00 4.33 0.114 0.00 0.125 0.00 0.00 0.00  5.00 3.00 3.00 0.00  NaN
 337 337  0.00 4.21 0.110 0.00 0.120 0.00 0.00 0.00  5.00 3.00 3.00 0.00  NaN
 338 338  0.00 5.00 0.087 0.00 0.094 1.54 0.88 0.66  5.00 3.00 3.00 0.00  NaN
 339 339  0.00 4.94 0.083 0.00 0.090 0.03 0.03 0.00  5.00 3.00 3.00 0.00  NaN
 340 340  0.00 4.85 0.102 0.00 0.110 0.02 0.02 0.00  5.00 3.00 3.00 0.00  NaN
 341 341  0.00 4.73 0.114 0.00 0.123 0.01 0.01 0.00  5.00 3.00 3.00 0.00  NaN
 342 342  0.00 4.63 0.098 0.00 0.105 0.00 0.00 0.00  5.00 3.00 3.00 0.00  NaN
 343 343  0.00 4.53 0.091 0.00 0.097 0.00 0.00 0.00  5.00 3.00 3.00 0.00  NaN
 344 344  0.00 4.46 0.067 0.00 0.071 0.01 0.01 0.00  5.00 3.00 3.00 0.00  NaN
 345 345  0.00 4.36 0.098 0.00 0.104 0.00 0.00 0.00  5.00 3.00 3.00 0.00  NaN
 346 346  0.00 4.26 0.091 0.00 0.096 0.00 0.00 0.00  5.00 3.00 3.00 0.00  NaN
 347 347  0.00 4.97 0.083 0.00 0.088 0.79 0.79 0.00  5.00 3.00 3.00 0.00  NaN
 348 348  0.00 4.80 0.165 0.00 0.174 0.01 0.01 0.00  5.00 3.00 3.00 0.00  NaN
 349 349  0.00 4.71 0.079 0.00 0.083 0.00 0.00 0.00  5.00 3.00 3.00 0.00  NaN


       OUTPUT DAILY COMPONENTS OF SOIL WATER BUDGET FOR DEBUGGING

                            YEAR =   3
 CDY JDY  SWCN SWCI  ETP   KC  ET  RAIN  ER   DR     SWMX  SWIX SWIR  NIR  IRR
 166 166  0.00 3.96 0.142 0.00 0.142 1.40 1.40 0.00  5.00 3.00 3.00 0.00  NaN
 167 167  0.00 3.78 0.173 0.00 0.173 0.00 0.00 0.00  5.00 3.00 3.00 0.00  NaN
 168 168  0.00 3.70 0.193 0.00 0.193 0.11 0.11 0.00  5.00 3.00 3.00 0.00  NaN
 169 169  0.00 3.56 0.142 0.00 0.142 0.01 0.01 0.00  5.00 3.00 3.00 0.00  NaN
 170 170  0.00 3.48 0.165 0.00 0.165 0.08 0.08 0.00  5.00 3.00 3.00 0.00  NaN
 171 171  0.00 3.77 0.181 0.00 0.181 0.47 0.47 0.00  5.00 3.00 3.00 0.00  NaN
 172 172  0.00 3.58 0.185 0.00 0.185 0.00 0.00 0.00  5.00 3.00 3.00 0.00  NaN
 173 173  0.00 3.91 0.130 0.00 0.130 0.46 0.46 0.00  5.00 3.00 3.00 0.00  NaN
 174 174  0.00 3.85 0.134 0.00 0.134 0.07 0.07 0.00  5.00 3.00 3.00 0.00  NaN
 175 175  0.00 3.69 0.165 0.00 0.165 0.01 0.01 0.00  5.00 3.00 3.00 0.00  NaN
 176 176  0.00 3.51 0.181 0.00 0.181 0.01 0.01 0.00  5.00 3.00 3.00 0.00  NaN
 177 177  0.00 3.33 0.185 0.00 0.185 0.01 0.01 0.00  5.00 3.00 3.00 0.00  NaN
 178 178  0.00 3.12 0.217 0.00 0.217 0.00 0.00 0.00  5.00 3.00 3.00 0.00  NaN
 179 179  0.00 3.00 0.220 0.00 0.220 0.00 0.00 0.00  5.00 3.00 3.00 0.10Infinity
 180 180  0.00 3.00 0.209 0.00 0.209 0.00 0.00 0.00  5.00 3.00 3.00 0.21Infinity
 181 181  0.00 3.07 0.197 0.00 0.197 0.27 0.27 0.00  5.00 3.00 3.00 0.00  NaN
 182 182  0.00 3.03 0.185 0.00 0.185 0.14 0.14 0.00  5.00 3.00 3.00 0.00  NaN
 183 183  0.00 3.00 0.201 0.00 0.201 0.01 0.01 0.00  5.00 3.00 3.00 0.16Infinity
 184 184  0.00 3.28 0.197 0.00 0.197 0.48 0.48 0.00  5.00 3.00 3.00 0.00  NaN
 185 185  0.00 3.16 0.193 0.00 0.193 0.07 0.07 0.00  5.00 3.00 3.00 0.00  NaN
 186 186  0.00 3.13 0.173 0.00 0.173 0.14 0.14 0.00  5.00 3.00 3.00 0.00  NaN
 187 187  0.00 3.09 0.142 0.00 0.142 0.11 0.11 0.00  5.00 3.00 3.00 0.00  NaN
 188 188  0.00 3.03 0.126 0.00 0.126 0.06 0.06 0.00  5.00 3.00 3.00 0.00  NaN
 189 189  0.00 3.48 0.094 0.00 0.094 0.54 0.54 0.00  5.00 3.00 3.00 0.00  NaN
 190 190  0.00 3.51 0.106 0.00 0.106 0.14 0.14 0.00  5.00 3.00 3.00 0.00  NaN
 191 191  0.00 3.55 0.118 0.00 0.118 0.16 0.16 0.00  5.00 3.00 3.00 0.00  NaN
 192 192  0.00 3.80 0.106 0.00 0.106 0.35 0.35 0.00  5.00 3.00 3.00 0.00  NaN
 193 193  0.00 4.59 0.126 0.00 0.126 0.92 0.92 0.00  5.00 3.00 3.00 0.00  NaN
 194 194  0.00 4.44 0.154 0.00 0.154 0.01 0.01 0.00  5.00 3.00 3.00 0.00  NaN
 195 195  0.00 4.41 0.173 0.00 0.173 0.14 0.14 0.00  5.00 3.00 3.00 0.00  NaN
 196 196  0.00 4.25 0.154 0.00 0.154 0.00 0.00 0.00  5.00 3.00 3.00 0.00  NaN
 197 197  0.00 4.49 0.150 0.00 0.150 0.39 0.39 0.00  5.00 3.00 3.00 0.00  NaN
 198 198  0.00 4.38 0.173 0.00 0.173 0.06 0.06 0.00  5.00 3.00 3.00 0.00  NaN
 199 199  0.00 4.24 0.201 0.00 0.201 0.06 0.06 0.00  5.00 3.00 3.00 0.00  NaN
 200 200  0.00 4.04 0.201 0.00 0.201 0.00 0.00 0.00  5.00 3.00 3.00 0.00  NaN
 201 201  0.00 3.84 0.193 0.00 0.193 0.00 0.00 0.00  5.00 3.00 3.00 0.00  NaN
 202 202  0.00 3.64 0.209 0.00 0.209 0.00 0.00 0.00  5.00 3.00 3.00 0.00  NaN
 203 203  0.00 3.66 0.209 0.00 0.209 0.23 0.23 0.00  5.00 3.00 3.00 0.00  NaN
 204 204  0.00 3.82 0.130 0.00 0.130 0.29 0.29 0.00  5.00 3.00 3.00 0.00  NaN
 205 205  0.00 3.89 0.146 0.00 0.146 0.22 0.22 0.00  5.00 3.00 3.00 0.00  NaN
 206 206  0.00 3.81 0.154 0.00 0.154 0.07 0.07 0.00  5.00 3.00 3.00 0.00  NaN
 207 207  0.00 3.78 0.150 0.00 0.150 0.12 0.12 0.00  5.00 3.00 3.00 0.00  NaN
 208 208  0.00 4.61 0.083 0.00 0.083 0.92 0.92 0.00  5.00 3.00 3.00 0.00  NaN
 209 209  0.00 5.00 0.110 0.00 0.110 0.75 0.50 0.25  5.00 3.00 3.00 0.00  NaN
 210 210  0.00 4.84 0.165 0.00 0.165 0.01 0.01 0.00  5.00 3.00 3.00 0.00  NaN
 211 211  0.00 4.66 0.189 0.00 0.189 0.01 0.01 0.00  5.00 3.00 3.00 0.00  NaN
 212 212  0.00 4.83 0.185 0.00 0.186 0.36 0.36 0.00  5.00 3.00 3.00 0.00  NaN
 213 213  0.00 4.66 0.169 0.00 0.170 0.01 0.01 0.00  5.00 3.00 3.00 0.00  NaN
 214 214  0.00 4.57 0.185 0.00 0.187 0.09 0.09 0.00  5.00 3.00 3.00 0.00  NaN
 215 215  0.00 4.36 0.201 0.00 0.204 0.00 0.00 0.00  5.00 3.00 3.00 0.00  NaN
 216 216  0.00 4.16 0.197 0.00 0.201 0.00 0.00 0.00  5.00 3.00 3.00 0.00  NaN
 217 217  0.00 3.96 0.201 0.00 0.206 0.00 0.00 0.00  5.00 3.00 3.00 0.00  NaN
 218 218  0.00 3.75 0.201 0.00 0.207 0.00 0.00 0.00  5.00 3.00 3.00 0.00  NaN
 219 219  0.00 3.99 0.161 0.00 0.167 0.41 0.41 0.00  5.00 3.00 3.00 0.00  NaN
 220 220  0.00 3.95 0.110 0.00 0.114 0.07 0.07 0.00  5.00 3.00 3.00 0.00  NaN
 221 221  0.00 3.78 0.165 0.00 0.172 0.00 0.00 0.00  5.00 3.00 3.00 0.00  NaN
 222 222  0.00 3.59 0.181 0.00 0.190 0.01 0.01 0.00  5.00 3.00 3.00 0.00  NaN
 223 223  0.00 3.49 0.165 0.00 0.174 0.07 0.07 0.00  5.00 3.00 3.00 0.00  NaN
 224 224  0.00 3.30 0.177 0.00 0.187 0.01 0.01 0.00  5.00 3.00 3.00 0.00  NaN
 225 225  0.00 3.24 0.185 0.00 0.196 0.13 0.13 0.00  5.00 3.00 3.00 0.00  NaN
 226 226  0.00 3.84 0.173 0.00 0.184 0.79 0.79 0.00  5.00 3.00 3.00 0.00  NaN
 227 227  0.00 3.63 0.201 0.00 0.215 0.00 0.00 0.00  5.00 3.00 3.00 0.00  NaN
 228 228  0.00 3.92 0.185 0.00 0.199 0.49 0.49 0.00  5.00 3.00 3.00 0.00  NaN
 229 229  0.00 3.73 0.177 0.00 0.191 0.01 0.01 0.00  5.00 3.00 3.00 0.00  NaN
 230 230  0.00 3.58 0.150 0.00 0.162 0.01 0.01 0.00  5.00 3.00 3.00 0.00  NaN
 231 231  0.00 3.38 0.181 0.00 0.197 0.00 0.00 0.00  5.00 3.00 3.00 0.00  NaN
 232 232  0.00 3.25 0.185 0.00 0.202 0.07 0.07 0.00  5.00 3.00 3.00 0.00  NaN
 233 233  0.00 3.33 0.154 0.00 0.169 0.25 0.25 0.00  5.00 3.00 3.00 0.00  NaN
 234 234  0.00 3.35 0.189 0.00 0.208 0.23 0.23 0.00  5.00 3.00 3.00 0.00  NaN
 235 235  0.00 3.14 0.197 0.00 0.218 0.01 0.01 0.00  5.00 3.00 3.00 0.00  NaN
 236 236  0.00 3.15 0.146 0.00 0.162 0.17 0.17 0.00  5.00 3.00 3.00 0.00  NaN
 237 237  0.00 3.00 0.181 0.00 0.201 0.02 0.02 0.00  5.00 3.00 3.00 0.03Infinity
 238 238  0.00 3.00 0.154 0.00 0.172 0.01 0.01 0.00  5.00 3.00 3.00 0.17Infinity
 239 239  0.00 3.00 0.134 0.00 0.150 0.12 0.12 0.00  5.00 3.00 3.00 0.03Infinity
 240 240  0.00 3.00 0.201 0.00 0.226 0.15 0.15 0.00  5.00 3.00 3.00 0.08Infinity
 241 241  0.00 4.51 0.094 0.00 0.106 1.62 1.62 0.00  5.00 3.00 3.00 0.00  NaN
 242 242  0.00 4.37 0.173 0.00 0.196 0.05 0.05 0.00  5.00 3.00 3.00 0.00  NaN
 243 243  0.00 4.21 0.142 0.00 0.162 0.00 0.00 0.00  5.00 3.00 3.00 0.00  NaN
 244 244  0.00 4.06 0.130 0.00 0.149 0.01 0.01 0.00  5.00 3.00 3.00 0.00  NaN
 245 245  0.00 3.87 0.173 0.00 0.199 0.01 0.01 0.00  5.00 3.00 3.00 0.00  NaN
 246 246  0.00 3.65 0.197 0.00 0.227 0.01 0.01 0.00  5.00 3.00 3.00 0.00  NaN
 247 247  0.00 3.50 0.165 0.00 0.191 0.04 0.04 0.00  5.00 3.00 3.00 0.00  NaN
 248 248  0.00 4.07 0.157 0.00 0.182 0.76 0.76 0.00  5.00 3.00 3.00 0.00  NaN
 249 249  0.00 3.83 0.213 0.00 0.248 0.00 0.00 0.00  5.00 3.00 3.00 0.00  NaN
 250 250  0.00 3.59 0.197 0.00 0.230 0.00 0.00 0.00  5.00 3.00 3.00 0.00  NaN
 251 251  0.00 3.37 0.193 0.00 0.227 0.00 0.00 0.00  5.00 3.00 3.00 0.00  NaN
 252 252  0.00 3.15 0.185 0.00 0.218 0.00 0.00 0.00  5.00 3.00 3.00 0.00  NaN
 253 253  0.00 3.00 0.193 0.00 0.228 0.00 0.00 0.00  5.00 3.00 3.00 0.08Infinity
 254 254  0.00 3.52 0.173 0.00 0.205 0.73 0.73 0.00  5.00 3.00 3.00 0.00  NaN
 255 255  0.00 3.41 0.138 0.00 0.164 0.05 0.05 0.00  5.00 3.00 3.00 0.00  NaN
 256 256  0.00 3.25 0.142 0.00 0.170 0.01 0.01 0.00  5.00 3.00 3.00 0.00  NaN
 257 257  0.00 3.21 0.122 0.00 0.146 0.11 0.11 0.00  5.00 3.00 3.00 0.00  NaN
 258 258  0.00 3.05 0.142 0.00 0.170 0.01 0.01 0.00  5.00 3.00 3.00 0.00  NaN
 259 259  0.00 3.00 0.169 0.00 0.203 0.01 0.01 0.00  5.00 3.00 3.00 0.15Infinity
 260 260  0.00 3.00 0.157 0.00 0.188 0.01 0.01 0.00  5.00 3.00 3.00 0.18Infinity
 261 261  0.00 4.20 0.154 0.00 0.185 1.38 1.38 0.00  5.00 3.00 3.00 0.00  NaN
 262 262  0.00 4.23 0.150 0.00 0.180 0.21 0.21 0.00  5.00 3.00 3.00 0.00  NaN
 263 263  0.00 4.03 0.165 0.00 0.198 0.00 0.00 0.00  5.00 3.00 3.00 0.00  NaN
 264 264  0.00 3.84 0.157 0.00 0.188 0.00 0.00 0.00  5.00 3.00 3.00 0.00  NaN
 265 265  0.00 3.90 0.098 0.00 0.118 0.18 0.18 0.00  5.00 3.00 3.00 0.00  NaN
 266 266  0.00 5.00 0.106 0.00 0.127 1.57 1.23 0.34  5.00 3.00 3.00 0.00  NaN
 267 267  0.00 4.88 0.130 0.00 0.156 0.04 0.04 0.00  5.00 3.00 3.00 0.00  NaN
 268 268  0.00 5.00 0.134 0.00 0.161 0.89 0.28 0.61  5.00 3.00 3.00 0.00  NaN
 269 269  0.00 5.00 0.110 0.00 0.132 0.30 0.13 0.17  5.00 3.00 3.00 0.00  NaN
 270 270  0.00 4.87 0.106 0.00 0.127 0.00 0.00 0.00  5.00 3.00 3.00 0.00  NaN
 271 271  0.00 4.71 0.134 0.00 0.161 0.00 0.00 0.00  5.00 3.00 3.00 0.00  NaN
 272 272  0.00 4.59 0.161 0.00 0.193 0.07 0.07 0.00  5.00 3.00 3.00 0.00  NaN
 273 273  0.00 4.38 0.173 0.00 0.208 0.00 0.00 0.00  5.00 3.00 3.00 0.00  NaN
 274 274  0.00 4.17 0.185 0.00 0.222 0.01 0.01 0.00  5.00 3.00 3.00 0.00  NaN
 275 275  0.00 4.15 0.138 0.00 0.166 0.15 0.15 0.00  5.00 3.00 3.00 0.00  NaN
 276 276  0.00 3.95 0.169 0.00 0.203 0.00 0.00 0.00  5.00 3.00 3.00 0.00  NaN
 277 277  0.00 3.74 0.173 0.00 0.208 0.00 0.00 0.00  5.00 3.00 3.00 0.00  NaN
 278 278  0.00 3.54 0.169 0.00 0.203 0.00 0.00 0.00  5.00 3.00 3.00 0.00  NaN
 279 279  0.00 3.52 0.134 0.00 0.161 0.14 0.14 0.00  5.00 3.00 3.00 0.00  NaN
 280 280  0.00 3.37 0.126 0.00 0.151 0.00 0.00 0.00  5.00 3.00 3.00 0.00  NaN
 281 281  0.00 3.26 0.110 0.00 0.132 0.02 0.02 0.00  5.00 3.00 3.00 0.00  NaN
 282 282  0.00 3.05 0.169 0.00 0.203 0.00 0.00 0.00  5.00 3.00 3.00 0.00  NaN
 283 283  0.00 3.00 0.165 0.00 0.198 0.00 0.00 0.00  5.00 3.00 3.00 0.14Infinity
 284 284  0.00 3.00 0.154 0.00 0.185 0.01 0.01 0.00  5.00 3.00 3.00 0.18Infinity
 285 285  0.00 3.00 0.142 0.00 0.170 0.00 0.00 0.00  5.00 3.00 3.00 0.17Infinity
 286 286  0.00 3.00 0.165 0.00 0.198 0.00 0.00 0.00  5.00 3.00 3.00 0.20Infinity
 287 287  0.00 3.00 0.169 0.00 0.203 0.00 0.00 0.00  5.00 3.00 3.00 0.20Infinity
 288 288  0.00 3.00 0.146 0.00 0.175 0.00 0.00 0.00  5.00 3.00 3.00 0.18Infinity
 289 289  0.00 3.00 0.169 0.00 0.203 0.00 0.00 0.00  5.00 3.00 3.00 0.20Infinity
 290 290  0.00 3.00 0.165 0.00 0.198 0.00 0.00 0.00  5.00 3.00 3.00 0.20Infinity
 291 291  0.00 3.00 0.157 0.00 0.188 0.00 0.00 0.00  5.00 3.00 3.00 0.19Infinity
 292 292  0.00 3.00 0.169 0.00 0.203 0.00 0.00 0.00  5.00 3.00 3.00 0.20Infinity
 293 293  0.00 3.00 0.150 0.00 0.180 0.00 0.00 0.00  5.00 3.00 3.00 0.18Infinity
 294 294  0.00 3.00 0.142 0.00 0.170 0.00 0.00 0.00  5.00 3.00 3.00 0.17Infinity
 295 295  0.00 3.00 0.157 0.00 0.188 0.00 0.00 0.00  5.00 3.00 3.00 0.19Infinity
 296 296  0.00 3.00 0.169 0.00 0.203 0.00 0.00 0.00  5.00 3.00 3.00 0.20Infinity
 297 297  0.00 3.00 0.150 0.00 0.180 0.00 0.00 0.00  5.00 3.00 3.00 0.18Infinity
 298 298  0.00 3.00 0.146 0.00 0.175 0.00 0.00 0.00  5.00 3.00 3.00 0.18Infinity
 299 299  0.00 3.00 0.138 0.00 0.166 0.00 0.00 0.00  5.00 3.00 3.00 0.17Infinity
 300 300  0.00 3.00 0.118 0.00 0.142 0.00 0.00 0.00  5.00 3.00 3.00 0.14Infinity
 301 301  0.00 3.00 0.110 0.00 0.132 0.00 0.00 0.00  5.00 3.00 3.00 0.13Infinity
 302 302  0.00 3.19 0.102 0.00 0.122 0.31 0.31 0.00  5.00 3.00 3.00 0.00  NaN
 303 303  0.00 3.05 0.114 0.00 0.137 0.00 0.00 0.00  5.00 3.00 3.00 0.00  NaN
 304 304  0.00 3.00 0.114 0.00 0.136 0.00 0.00 0.00  5.00 3.00 3.00 0.09Infinity
 305 305  0.00 3.00 0.094 0.00 0.112 0.00 0.00 0.00  5.00 3.00 3.00 0.11Infinity
 306 306  0.00 3.00 0.091 0.00 0.108 0.00 0.00 0.00  5.00 3.00 3.00 0.11Infinity
 307 307  0.00 3.00 0.118 0.00 0.140 0.00 0.00 0.00  5.00 3.00 3.00 0.14Infinity
 308 308  0.00 3.00 0.098 0.00 0.116 0.00 0.00 0.00  5.00 3.00 3.00 0.12Infinity
 309 309  0.00 3.00 0.071 0.00 0.084 0.08 0.08 0.00  5.00 3.00 3.00 0.00Infinity
 310 310  0.00 3.00 0.114 0.00 0.134 0.00 0.00 0.00  5.00 3.00 3.00 0.13Infinity
 311 311  0.00 3.00 0.130 0.00 0.153 0.00 0.00 0.00  5.00 3.00 3.00 0.15Infinity
 312 312  0.00 3.00 0.118 0.00 0.138 0.00 0.00 0.00  5.00 3.00 3.00 0.14Infinity
 313 313  0.00 3.00 0.114 0.00 0.133 0.00 0.00 0.00  5.00 3.00 3.00 0.13Infinity
 314 314  0.00 3.00 0.130 0.00 0.151 0.00 0.00 0.00  5.00 3.00 3.00 0.15Infinity
 315 315  0.00 3.31 0.094 0.00 0.109 0.42 0.42 0.00  5.00 3.00 3.00 0.00  NaN
 316 316  0.00 3.19 0.106 0.00 0.123 0.00 0.00 0.00  5.00 3.00 3.00 0.00  NaN
 317 317  0.00 3.12 0.122 0.00 0.141 0.07 0.07 0.00  5.00 3.00 3.00 0.00  NaN
 318 318  0.00 5.00 0.091 0.00 0.105 3.49 1.99 1.50  5.00 3.00 3.00 0.00  NaN
 319 319  0.00 4.90 0.083 0.00 0.095 0.00 0.00 0.00  5.00 3.00 3.00 0.00  NaN
 320 320  0.00 4.91 0.083 0.00 0.095 0.10 0.10 0.00  5.00 3.00 3.00 0.00  NaN
 321 321  0.00 5.00 0.079 0.00 0.090 0.46 0.18 0.28  5.00 3.00 3.00 0.00  NaN
 322 322  0.00 4.90 0.087 0.00 0.099 0.00 0.00 0.00  5.00 3.00 3.00 0.00  NaN
 323 323  0.00 4.92 0.087 0.00 0.099 0.12 0.12 0.00  5.00 3.00 3.00 0.00  NaN
 324 324  0.00 4.90 0.094 0.00 0.106 0.08 0.08 0.00  5.00 3.00 3.00 0.00  NaN
 325 325  0.00 4.80 0.087 0.00 0.098 0.00 0.00 0.00  5.00 3.00 3.00 0.00  NaN
 326 326  0.00 4.92 0.094 0.00 0.106 0.23 0.23 0.00  5.00 3.00 3.00 0.00  NaN
 327 327  0.00 5.00 0.071 0.00 0.080 0.26 0.16 0.10  5.00 3.00 3.00 0.00  NaN
 328 328  0.00 4.91 0.083 0.00 0.093 0.00 0.00 0.00  5.00 3.00 3.00 0.00  NaN
 329 329  0.00 4.87 0.091 0.00 0.101 0.06 0.06 0.00  5.00 3.00 3.00 0.00  NaN
 330 330  0.00 4.76 0.094 0.00 0.105 0.00 0.00 0.00  5.00 3.00 3.00 0.00  NaN
 331 331  0.00 4.65 0.098 0.00 0.109 0.00 0.00 0.00  5.00 3.00 3.00 0.00  NaN
 332 332  0.00 4.54 0.106 0.00 0.117 0.00 0.00 0.00  5.00 3.00 3.00 0.00  NaN
 333 333  0.00 4.45 0.083 0.00 0.091 0.01 0.01 0.00  5.00 3.00 3.00 0.00  NaN
 334 334  0.00 4.30 0.142 0.00 0.156 0.00 0.00 0.00  5.00 3.00 3.00 0.00  NaN
 335 335  0.00 4.20 0.087 0.00 0.095 0.00 0.00 0.00  5.00 3.00 3.00 0.00  NaN
 336 336  0.00 4.13 0.063 0.00 0.069 0.00 0.00 0.00  5.00 3.00 3.00 0.00  NaN
 337 337  0.00 4.04 0.087 0.00 0.095 0.00 0.00 0.00  5.00 3.00 3.00 0.00  NaN
 338 338  0.00 3.95 0.079 0.00 0.086 0.00 0.00 0.00  5.00 3.00 3.00 0.00  NaN
 339 339  0.00 3.85 0.091 0.00 0.099 0.00 0.00 0.00  5.00 3.00 3.00 0.00  NaN
 340 340  0.00 4.14 0.075 0.00 0.081 0.37 0.37 0.00  5.00 3.00 3.00 0.00  NaN
 341 341  0.00 4.04 0.098 0.00 0.105 0.00 0.00 0.00  5.00 3.00 3.00 0.00  NaN
 342 342  0.00 3.93 0.102 0.00 0.109 0.00 0.00 0.00  5.00 3.00 3.00 0.00  NaN
 343 343  0.00 3.84 0.083 0.00 0.089 0.01 0.01 0.00  5.00 3.00 3.00 0.00  NaN
 344 344  0.00 3.75 0.106 0.00 0.113 0.02 0.02 0.00  5.00 3.00 3.00 0.00  NaN
 345 345  0.00 3.66 0.083 0.00 0.088 0.00 0.00 0.00  5.00 3.00 3.00 0.00  NaN
 346 346  0.00 3.57 0.087 0.00 0.092 0.00 0.00 0.00  5.00 3.