<?xml version="1.0" encoding="windows-1252" standalone="no"?>
<!DOCTYPE log SYSTEM "logger.dtd">
<log>
<record>
  <date>2016-04-24T17:34:41</date>
  <millis>1461533681558</millis>
  <sequence>0</sequence>
  <logger>dssat.DSSATMain</logger>
  <level>ALL</level>
  <class>dssat.DSSATMain</class>
  <method>initLogger</method>
  <thread>14</thread>
  <message>Initializing all the Components of the Application....</message>
</record>
<record>
  <date>2016-04-24T17:34:42</date>
  <millis>1461533682733</millis>
  <sequence>1</sequence>
  <logger>dssat.DSSATMain</logger>
  <level>ALL</level>
  <class>dssat.DSSATMain</class>
  <method>initTextFields</method>
  <thread>14</thread>
  <message>Initialized planting Date ....</message>
</record>
<record>
  <date>2016-04-24T17:34:42</date>
  <millis>1461533682734</millis>
  <sequence>2</sequence>
  <logger>dssat.DSSATMain</logger>
  <level>ALL</level>
  <class>dssat.DSSATMain</class>
  <method>initGlobalDBInfo</method>
  <thread>14</thread>
  <message>Initializing Global Data information....</message>
</record>
<record>
  <date>2016-04-24T17:34:42</date>
  <millis>1461533682734</millis>
  <sequence>3</sequence>
  <logger>dssat.DSSATMain</logger>
  <level>ALL</level>
  <class>dssat.CSVFileHandler</class>
  <method>getCountyList_GlobalDB</method>
  <thread>14</thread>
  <message>Initializing the list of counies from the Global DB...</message>
</record>
<record>
  <date>2016-04-24T17:34:42</date>
  <millis>1461533682734</millis>
  <sequence>4</sequence>
  <logger>dssat.DSSATMain</logger>
  <level>ALL</level>
  <class>dssat.CSVFileHandler</class>
  <method>getCountyList_GlobalDB</method>
  <thread>14</thread>
  <message>Getting the Centroid Information from countries_centroid.csv file.</message>
</record>
<record>
  <date>2016-04-24T17:34:42</date>
  <millis>1461533682734</millis>
  <sequence>5</sequence>
  <logger>dssat.DSSATMain</logger>
  <level>ALL</level>
  <class>dssat.CSVFileHandler</class>
  <method>getCountyList_GlobalDB</method>
  <thread>14</thread>
  <message>E:\github\IFAS\IFASProject\rohit\dssat\dssat\properties\csv\counties_centroid.csv</message>
</record>
<record>
  <date>2016-04-24T17:34:42</date>
  <millis>1461533682818</millis>
  <sequence>6</sequence>
  <logger>dssat.DSSATMain</logger>
  <level>ALL</level>
  <class>dssat.CSVFileHandler</class>
  <method>getCountyList_GlobalDB</method>
  <thread>14</thread>
  <message>Successfully retrieved the list of Counties.</message>
</record>
<record>
  <date>2016-04-24T17:34:42</date>
  <millis>1461533682819</millis>
  <sequence>7</sequence>
  <logger>dssat.DSSATMain</logger>
  <level>ALL</level>
  <class>dssat.DSSATMain</class>
  <method>countyNameGlobalActionPerformed</method>
  <thread>14</thread>
  <message>Method Name:countyNameGlobalActionPerformedInitializing information based on county Name.</message>
</record>
<record>
  <date>2016-04-24T17:34:42</date>
  <millis>1461533682821</millis>
  <sequence>8</sequence>
  <logger>dssat.DSSATMain</logger>
  <level>ALL</level>
  <class>dssat.CSVFileHandler</class>
  <method>getCountyLocation_GlobalDB</method>
  <thread>14</thread>
  <message>Location Pos Object will be initialized with Centroid Position from Global DB...</message>
</record>
<record>
  <date>2016-04-24T17:34:42</date>
  <millis>1461533682823</millis>
  <sequence>9</sequence>
  <logger>dssat.DSSATMain</logger>
  <level>ALL</level>
  <class>dssat.CSVFileHandler</class>
  <method>getCountyLocation_GlobalDB</method>
  <thread>14</thread>
  <message>Location Pos Object is initialized with Centroid Position from Global DB...</message>
</record>
<record>
  <date>2016-04-24T17:34:42</date>
  <millis>1461533682857</millis>
  <sequence>10</sequence>
  <logger>dssat.DSSATMain</logger>
  <level>ALL</level>
  <class>dssat.CSVFileHandler</class>
  <method>getCountyBasedSoilList_SoilDB</method>
  <thread>14</thread>
  <message>Initializing the list of soils in a county...</message>
</record>
<record>
  <date>2016-04-24T17:34:42</date>
  <millis>1461533682901</millis>
  <sequence>11</sequence>
  <logger>dssat.DSSATMain</logger>
  <level>ALL</level>
  <class>dssat.CSVFileHandler</class>
  <method>getCountyBasedSoilList_SoilDB</method>
  <thread>14</thread>
  <message>Returning the sorted list of soils in a county...</message>
</record>
<record>
  <date>2016-04-24T17:34:42</date>
  <millis>1461533682905</millis>
  <sequence>12</sequence>
  <logger>dssat.DSSATMain</logger>
  <level>ALL</level>
  <class>dssat.DSSATMain</class>
  <method>initGlobalDBInfo</method>
  <thread>14</thread>
  <message>Added the county names.</message>
</record>
<record>
  <date>2016-04-24T17:34:42</date>
  <millis>1461533682905</millis>
  <sequence>13</sequence>
  <logger>dssat.DSSATMain</logger>
  <level>ALL</level>
  <class>dssat.CSVFileHandler</class>
  <method>getCountyLocation_GlobalDB</method>
  <thread>14</thread>
  <message>Location Pos Object will be initialized with Centroid Position from Global DB...</message>
</record>
<record>
  <date>2016-04-24T17:34:42</date>
  <millis>1461533682907</millis>
  <sequence>14</sequence>
  <logger>dssat.DSSATMain</logger>
  <level>ALL</level>
  <class>dssat.CSVFileHandler</class>
  <method>getCountyLocation_GlobalDB</method>
  <thread>14</thread>
  <message>Location Pos Object is initialized with Centroid Position from Global DB...</message>
</record>
<record>
  <date>2016-04-24T17:34:42</date>
  <millis>1461533682914</millis>
  <sequence>15</sequence>
  <logger>dssat.DSSATMain</logger>
  <level>ALL</level>
  <class>dssat.DSSATMain</class>
  <method>initGlobalDBInfo</method>
  <thread>14</thread>
  <message>Initialized Fawn Weather stations.</message>
</record>
<record>
  <date>2016-04-24T17:34:42</date>
  <millis>1461533682914</millis>
  <sequence>16</sequence>
  <logger>dssat.DSSATMain</logger>
  <level>ALL</level>
  <class>dssat.DSSATMain</class>
  <method>initGlobalDBInfo</method>
  <thread>14</thread>
  <message>Initialized Global Data information....</message>
</record>
<record>
  <date>2016-04-24T17:34:42</date>
  <millis>1461533682915</millis>
  <sequence>17</sequence>
  <logger>dssat.DSSATMain</logger>
  <level>ALL</level>
  <class>dssat.DSSATMain</class>
  <method>initSoilInfo</method>
  <thread>14</thread>
  <message>Initializing soil information....</message>
</record>
<record>
  <date>2016-04-24T17:34:42</date>
  <millis>1461533682915</millis>
  <sequence>18</sequence>
  <logger>dssat.DSSATMain</logger>
  <level>ALL</level>
  <class>dssat.CSVFileHandler</class>
  <method>getCountyList_SoilDB</method>
  <thread>14</thread>
  <message>Initializing Soil DB Information...</message>
</record>
<record>
  <date>2016-04-24T17:34:42</date>
  <millis>1461533682925</millis>
  <sequence>19</sequence>
  <logger>dssat.DSSATMain</logger>
  <level>ALL</level>
  <class>dssat.CSVFileHandler</class>
  <method>getCountyList_SoilDB</method>
  <thread>14</thread>
  <message>Initialized Soil DB Information. Returned the list of all the Counties.</message>
</record>
<record>
  <date>2016-04-24T17:34:42</date>
  <millis>1461533682926</millis>
  <sequence>20</sequence>
  <logger>dssat.DSSATMain</logger>
  <level>ALL</level>
  <class>dssat.CSVFileHandler</class>
  <method>getCountyBasedSoilList_SoilDB</method>
  <thread>14</thread>
  <message>Initializing the list of soils in a county...</message>
</record>
<record>
  <date>2016-04-24T17:34:42</date>
  <millis>1461533682932</millis>
  <sequence>21</sequence>
  <logger>dssat.DSSATMain</logger>
  <level>ALL</level>
  <class>dssat.CSVFileHandler</class>
  <method>getCountyBasedSoilList_SoilDB</method>
  <thread>14</thread>
  <message>Returning the sorted list of soils in a county...</message>
</record>
<record>
  <date>2016-04-24T17:34:42</date>
  <millis>1461533682933</millis>
  <sequence>22</sequence>
  <logger>dssat.DSSATMain</logger>
  <level>ALL</level>
  <class>dssat.DSSATMain</class>
  <method>initSoilInfo</method>
  <thread>14</thread>
  <message>Initialized soil information....</message>
</record>
<record>
  <date>2016-04-24T17:34:42</date>
  <millis>1461533682933</millis>
  <sequence>23</sequence>
  <logger>dssat.DSSATMain</logger>
  <level>ALL</level>
  <class>dssat.DSSATMain</class>
  <method>initCropInfo</method>
  <thread>14</thread>
  <message>Initializing crop information.</message>
</record>
<record>
  <date>2016-04-24T17:34:42</date>
  <millis>1461533682934</millis>
  <sequence>24</sequence>
  <logger>dssat.DSSATMain</logger>
  <level>ALL</level>
  <class>dssat.DSSATMain</class>
  <method>initCultivar</method>
  <thread>14</thread>
  <message>Initializing cultivar information.</message>
</record>
<record>
  <date>2016-04-24T17:34:42</date>
  <millis>1461533682973</millis>
  <sequence>25</sequence>
  <logger>dssat.DSSATMain</logger>
  <level>ALL</level>
  <class>dssat.DSSATMain</class>
  <method>initCultivar</method>
  <thread>14</thread>
  <message>Initialized cultivar information.</message>
</record>
<record>
  <date>2016-04-24T17:34:42</date>
  <millis>1461533682974</millis>
  <sequence>26</sequence>
  <logger>dssat.DSSATMain</logger>
  <level>ALL</level>
  <class>dssat.DSSATMain</class>
  <method>initCropInfo</method>
  <thread>14</thread>
  <message>Initialized crop information.</message>
</record>
<record>
  <date>2016-04-24T17:34:42</date>
  <millis>1461533682974</millis>
  <sequence>27</sequence>
  <logger>dssat.DSSATMain</logger>
  <level>ALL</level>
  <class>dssat.DSSATMain</class>
  <method>initCultivar</method>
  <thread>14</thread>
  <message>Initializing cultivar information.</message>
</record>
<record>
  <date>2016-04-24T17:34:42</date>
  <millis>1461533682985</millis>
  <sequence>28</sequence>
  <logger>dssat.DSSATMain</logger>
  <level>ALL</level>
  <class>dssat.DSSATMain</class>
  <method>initCultivar</method>
  <thread>14</thread>
  <message>Initialized cultivar information.</message>
</record>
<record>
  <date>2016-04-24T17:34:42</date>
  <millis>1461533682985</millis>
  <sequence>29</sequence>
  <logger>dssat.DSSATMain</logger>
  <level>ALL</level>
  <class>dssat.DSSATMain</class>
  <method>initFertInfo</method>
  <thread>14</thread>
  <message>Initializing fertilization information.</message>
</record>
<record>
  <date>2016-04-24T17:34:42</date>
  <millis>1461533682985</millis>
  <sequence>30</sequence>
  <logger>dssat.DSSATMain</logger>
  <level>ALL</level>
  <class>dssat.DSSATMain</class>
  <method>initFertInfo</method>
  <thread>14</thread>
  <message>Initializing Fertilizer info from /properties/csv/dssat_codelookup.csv</message>
</record>
<record>
  <date>2016-04-24T17:34:43</date>
  <millis>1461533683224</millis>
  <sequence>31</sequence>
  <logger>dssat.DSSATMain</logger>
  <level>ALL</level>
  <class>dssat.DSSATMain</class>
  <method>initFertInfo</method>
  <thread>14</thread>
  <message>Initialized Fertilization Information</message>
</record>
<record>
  <date>2016-04-24T17:34:43</date>
  <millis>1461533683224</millis>
  <sequence>32</sequence>
  <logger>dssat.DSSATMain</logger>
  <level>ALL</level>
  <class>dssat.DSSATMain</class>
  <method>initFrameSize</method>
  <thread>14</thread>
  <message>Initializing frame size.</message>
</record>
<record>
  <date>2016-04-24T17:34:43</date>
  <millis>1461533683241</millis>
  <sequence>33</sequence>
  <logger>dssat.DSSATMain</logger>
  <level>ALL</level>
  <class>dssat.DSSATMain</class>
  <method>initFrameSize</method>
  <thread>14</thread>
  <message>Initialized frame size</message>
</record>
<record>
  <date>2016-04-24T17:34:43</date>
  <millis>1461533683241</millis>
  <sequence>34</sequence>
  <logger>dssat.DSSATMain</logger>
  <level>ALL</level>
  <class>dssat.CSVFileHandler</class>
  <method>ReadSitesFile</method>
  <thread>14</thread>
  <message>Initializing the data from sites file.</message>
</record>
<record>
  <date>2016-04-24T17:34:43</date>
  <millis>1461533683246</millis>
  <sequence>35</sequence>
  <logger>dssat.DSSATMain</logger>
  <level>ALL</level>
  <class>dssat.CSVFileHandler</class>
  <method>ReadSitesFile</method>
  <thread>14</thread>
  <message>Initializing the data from sites file.</message>
</record>
<record>
  <date>2016-04-24T17:34:43</date>
  <millis>1461533683250</millis>
  <sequence>36</sequence>
  <logger>dssat.DSSATMain</logger>
  <level>ALL</level>
  <class>dssat.DSSATMain</class>
  <method>&lt;init&gt;</method>
  <thread>14</thread>
  <message>Application Initialized.</message>
</record>
<record>
  <date>2016-04-24T17:35:04</date>
  <millis>1461533704465</millis>
  <sequence>37</sequence>
  <logger>dssat.DSSATMain</logger>
  <level>ALL</level>
  <class>dssat.DSSATMain</class>
  <method>UpdateFile</method>
  <thread>14</thread>
  <message>Updating the cache with the latest information...</message>
</record>
<record>
  <date>2016-04-24T17:35:04</date>
  <millis>1461533704467</millis>
  <sequence>38</sequence>
  <logger>dssat.DSSATMain</logger>
  <level>ALL</level>
  <class>dssat.DSSATMain</class>
  <method>UpdateFile</method>
  <thread>14</thread>
  <message>Updated the cache with the latest information...</message>
</record>
</log>
