<?xml version="1.0" encoding="windows-1252" standalone="no"?>
<!DOCTYPE log SYSTEM "logger.dtd">
<log>
<record>
  <date>2016-02-04T12:48:35</date>
  <millis>1454608115734</millis>
  <sequence>0</sequence>
  <logger>dssat.DSSATMain</logger>
  <level>ALL</level>
  <class>dssat.DSSATMain</class>
  <method>initLogger</method>
  <thread>14</thread>
  <message>Initializing all the Components of the Application....</message>
</record>
<record>
  <date>2016-02-04T12:48:36</date>
  <millis>1454608116536</millis>
  <sequence>1</sequence>
  <logger>dssat.DSSATMain</logger>
  <level>ALL</level>
  <class>dssat.DSSATMain</class>
  <method>initTextFields</method>
  <thread>14</thread>
  <message>Initialized planting Date ....</message>
</record>
<record>
  <date>2016-02-04T12:48:36</date>
  <millis>1454608116536</millis>
  <sequence>2</sequence>
  <logger>dssat.DSSATMain</logger>
  <level>ALL</level>
  <class>dssat.DSSATMain</class>
  <method>initGlobalDBInfo</method>
  <thread>14</thread>
  <message>Initializing Global Data information....</message>
</record>
<record>
  <date>2016-02-04T12:48:36</date>
  <millis>1454608116536</millis>
  <sequence>3</sequence>
  <logger>dssat.DSSATMain</logger>
  <level>ALL</level>
  <class>dssat.CSVFileHandler</class>
  <method>getCountyList_GlobalDB</method>
  <thread>14</thread>
  <message>Initializing the list of counies from the Global DB...</message>
</record>
<record>
  <date>2016-02-04T12:48:36</date>
  <millis>1454608116536</millis>
  <sequence>4</sequence>
  <logger>dssat.DSSATMain</logger>
  <level>ALL</level>
  <class>dssat.CSVFileHandler</class>
  <method>getCountyList_GlobalDB</method>
  <thread>14</thread>
  <message>Getting the Centroid Information from countries_centroid.csv file.</message>
</record>
<record>
  <date>2016-02-04T12:48:36</date>
  <millis>1454608116536</millis>
  <sequence>5</sequence>
  <logger>dssat.DSSATMain</logger>
  <level>ALL</level>
  <class>dssat.CSVFileHandler</class>
  <method>getCountyList_GlobalDB</method>
  <thread>14</thread>
  <message>C:\Users\rohit\Downloads\rohit\dssat\properties\csv\counties_centroid.csv</message>
</record>
<record>
  <date>2016-02-04T12:48:36</date>
  <millis>1454608116558</millis>
  <sequence>6</sequence>
  <logger>dssat.DSSATMain</logger>
  <level>ALL</level>
  <class>dssat.CSVFileHandler</class>
  <method>getCountyList_GlobalDB</method>
  <thread>14</thread>
  <message>Successfully retrieved the list of Counties.</message>
</record>
<record>
  <date>2016-02-04T12:48:36</date>
  <millis>1454608116558</millis>
  <sequence>7</sequence>
  <logger>dssat.DSSATMain</logger>
  <level>ALL</level>
  <class>dssat.DSSATMain</class>
  <method>countyNameGlobalActionPerformed</method>
  <thread>14</thread>
  <message>Method Name:countyNameGlobalActionPerformedInitializing information based on county Name.</message>
</record>
<record>
  <date>2016-02-04T12:48:36</date>
  <millis>1454608116558</millis>
  <sequence>8</sequence>
  <logger>dssat.DSSATMain</logger>
  <level>ALL</level>
  <class>dssat.CSVFileHandler</class>
  <method>getCountyLocation_GlobalDB</method>
  <thread>14</thread>
  <message>Location Pos Object will be initialized with Centroid Position from Global DB...</message>
</record>
<record>
  <date>2016-02-04T12:48:36</date>
  <millis>1454608116558</millis>
  <sequence>9</sequence>
  <logger>dssat.DSSATMain</logger>
  <level>ALL</level>
  <class>dssat.CSVFileHandler</class>
  <method>getCountyLocation_GlobalDB</method>
  <thread>14</thread>
  <message>Location Pos Object is initialized with Centroid Position from Global DB...</message>
</record>
<record>
  <date>2016-02-04T12:48:36</date>
  <millis>1454608116558</millis>
  <sequence>10</sequence>
  <logger>dssat.DSSATMain</logger>
  <level>ALL</level>
  <class>dssat.CSVFileHandler</class>
  <method>getCountyBasedSoilList_SoilDB</method>
  <thread>14</thread>
  <message>Initializing the list of soils in a county...</message>
</record>
<record>
  <date>2016-02-04T12:48:36</date>
  <millis>1454608116574</millis>
  <sequence>11</sequence>
  <logger>dssat.DSSATMain</logger>
  <level>ALL</level>
  <class>dssat.CSVFileHandler</class>
  <method>getCountyBasedSoilList_SoilDB</method>
  <thread>14</thread>
  <message>Returning the sorted list of soils in a county...</message>
</record>
<record>
  <date>2016-02-04T12:48:36</date>
  <millis>1454608116574</millis>
  <sequence>12</sequence>
  <logger>dssat.DSSATMain</logger>
  <level>ALL</level>
  <class>dssat.DSSATMain</class>
  <method>initGlobalDBInfo</method>
  <thread>14</thread>
  <message>Added the county names.</message>
</record>
<record>
  <date>2016-02-04T12:48:36</date>
  <millis>1454608116574</millis>
  <sequence>13</sequence>
  <logger>dssat.DSSATMain</logger>
  <level>ALL</level>
  <class>dssat.CSVFileHandler</class>
  <method>getCountyLocation_GlobalDB</method>
  <thread>14</thread>
  <message>Location Pos Object will be initialized with Centroid Position from Global DB...</message>
</record>
<record>
  <date>2016-02-04T12:48:36</date>
  <millis>1454608116574</millis>
  <sequence>14</sequence>
  <logger>dssat.DSSATMain</logger>
  <level>ALL</level>
  <class>dssat.CSVFileHandler</class>
  <method>getCountyLocation_GlobalDB</method>
  <thread>14</thread>
  <message>Location Pos Object is initialized with Centroid Position from Global DB...</message>
</record>
<record>
  <date>2016-02-04T12:48:36</date>
  <millis>1454608116590</millis>
  <sequence>15</sequence>
  <logger>dssat.DSSATMain</logger>
  <level>ALL</level>
  <class>dssat.DSSATMain</class>
  <method>initGlobalDBInfo</method>
  <thread>14</thread>
  <message>Initialized Fawn Weather stations.</message>
</record>
<record>
  <date>2016-02-04T12:48:36</date>
  <millis>1454608116590</millis>
  <sequence>16</sequence>
  <logger>dssat.DSSATMain</logger>
  <level>ALL</level>
  <class>dssat.DSSATMain</class>
  <method>initGlobalDBInfo</method>
  <thread>14</thread>
  <message>Initialized Global Data information....</message>
</record>
<record>
  <date>2016-02-04T12:48:36</date>
  <millis>1454608116590</millis>
  <sequence>17</sequence>
  <logger>dssat.DSSATMain</logger>
  <level>ALL</level>
  <class>dssat.DSSATMain</class>
  <method>initSoilInfo</method>
  <thread>14</thread>
  <message>Initializing soil information....</message>
</record>
<record>
  <date>2016-02-04T12:48:36</date>
  <millis>1454608116590</millis>
  <sequence>18</sequence>
  <logger>dssat.DSSATMain</logger>
  <level>ALL</level>
  <class>dssat.CSVFileHandler</class>
  <method>getCountyList_SoilDB</method>
  <thread>14</thread>
  <message>Initializing Soil DB Information...</message>
</record>
<record>
  <date>2016-02-04T12:48:36</date>
  <millis>1454608116590</millis>
  <sequence>19</sequence>
  <logger>dssat.DSSATMain</logger>
  <level>ALL</level>
  <class>dssat.CSVFileHandler</class>
  <method>getCountyList_SoilDB</method>
  <thread>14</thread>
  <message>Initialized Soil DB Information. Returned the list of all the Counties.</message>
</record>
<record>
  <date>2016-02-04T12:48:36</date>
  <millis>1454608116590</millis>
  <sequence>20</sequence>
  <logger>dssat.DSSATMain</logger>
  <level>ALL</level>
  <class>dssat.CSVFileHandler</class>
  <method>getCountyBasedSoilList_SoilDB</method>
  <thread>14</thread>
  <message>Initializing the list of soils in a county...</message>
</record>
<record>
  <date>2016-02-04T12:48:36</date>
  <millis>1454608116605</millis>
  <sequence>21</sequence>
  <logger>dssat.DSSATMain</logger>
  <level>ALL</level>
  <class>dssat.CSVFileHandler</class>
  <method>getCountyBasedSoilList_SoilDB</method>
  <thread>14</thread>
  <message>Returning the sorted list of soils in a county...</message>
</record>
<record>
  <date>2016-02-04T12:48:36</date>
  <millis>1454608116605</millis>
  <sequence>22</sequence>
  <logger>dssat.DSSATMain</logger>
  <level>ALL</level>
  <class>dssat.DSSATMain</class>
  <method>initSoilInfo</method>
  <thread>14</thread>
  <message>Initialized soil information....</message>
</record>
<record>
  <date>2016-02-04T12:48:36</date>
  <millis>1454608116605</millis>
  <sequence>23</sequence>
  <logger>dssat.DSSATMain</logger>
  <level>ALL</level>
  <class>dssat.DSSATMain</class>
  <method>initCropInfo</method>
  <thread>14</thread>
  <message>Initializing crop information.</message>
</record>
<record>
  <date>2016-02-04T12:48:36</date>
  <millis>1454608116605</millis>
  <sequence>24</sequence>
  <logger>dssat.DSSATMain</logger>
  <level>ALL</level>
  <class>dssat.DSSATMain</class>
  <method>initCultivar</method>
  <thread>14</thread>
  <message>Initializing cultivar information.</message>
</record>
<record>
  <date>2016-02-04T12:48:36</date>
  <millis>1454608116605</millis>
  <sequence>25</sequence>
  <logger>dssat.DSSATMain</logger>
  <level>ALL</level>
  <class>dssat.DSSATMain</class>
  <method>initCultivar</method>
  <thread>14</thread>
  <message>Initialized cultivar information.</message>
</record>
<record>
  <date>2016-02-04T12:48:36</date>
  <millis>1454608116605</millis>
  <sequence>26</sequence>
  <logger>dssat.DSSATMain</logger>
  <level>ALL</level>
  <class>dssat.DSSATMain</class>
  <method>initCropInfo</method>
  <thread>14</thread>
  <message>Initialized crop information.</message>
</record>
<record>
  <date>2016-02-04T12:48:36</date>
  <millis>1454608116605</millis>
  <sequence>27</sequence>
  <logger>dssat.DSSATMain</logger>
  <level>ALL</level>
  <class>dssat.DSSATMain</class>
  <method>initCultivar</method>
  <thread>14</thread>
  <message>Initializing cultivar information.</message>
</record>
<record>
  <date>2016-02-04T12:48:36</date>
  <millis>1454608116621</millis>
  <sequence>28</sequence>
  <logger>dssat.DSSATMain</logger>
  <level>ALL</level>
  <class>dssat.DSSATMain</class>
  <method>initCultivar</method>
  <thread>14</thread>
  <message>Initialized cultivar information.</message>
</record>
<record>
  <date>2016-02-04T12:48:36</date>
  <millis>1454608116621</millis>
  <sequence>29</sequence>
  <logger>dssat.DSSATMain</logger>
  <level>ALL</level>
  <class>dssat.DSSATMain</class>
  <method>initFertInfo</method>
  <thread>14</thread>
  <message>Initializing fertilization information.</message>
</record>
<record>
  <date>2016-02-04T12:48:36</date>
  <millis>1454608116621</millis>
  <sequence>30</sequence>
  <logger>dssat.DSSATMain</logger>
  <level>ALL</level>
  <class>dssat.DSSATMain</class>
  <method>initFertInfo</method>
  <thread>14</thread>
  <message>Initializing Fertilizer info from /properties/csv/dssat_codelookup.csv</message>
</record>
<record>
  <date>2016-02-04T12:48:36</date>
  <millis>1454608116768</millis>
  <sequence>31</sequence>
  <logger>dssat.DSSATMain</logger>
  <level>ALL</level>
  <class>dssat.DSSATMain</class>
  <method>initFertInfo</method>
  <thread>14</thread>
  <message>Initialized Fertilization Information</message>
</record>
<record>
  <date>2016-02-04T12:48:36</date>
  <millis>1454608116768</millis>
  <sequence>32</sequence>
  <logger>dssat.DSSATMain</logger>
  <level>ALL</level>
  <class>dssat.DSSATMain</class>
  <method>initFrameSize</method>
  <thread>14</thread>
  <message>Initializing frame size.</message>
</record>
<record>
  <date>2016-02-04T12:48:36</date>
  <millis>1454608116792</millis>
  <sequence>33</sequence>
  <logger>dssat.DSSATMain</logger>
  <level>ALL</level>
  <class>dssat.DSSATMain</class>
  <method>initFrameSize</method>
  <thread>14</thread>
  <message>Initialized frame size</message>
</record>
<record>
  <date>2016-02-04T12:48:36</date>
  <millis>1454608116793</millis>
  <sequence>34</sequence>
  <logger>dssat.DSSATMain</logger>
  <level>ALL</level>
  <class>dssat.CSVFileHandler</class>
  <method>ReadSitesFile</method>
  <thread>14</thread>
  <message>Initializing the data from sites file.</message>
</record>
<record>
  <date>2016-02-04T12:48:36</date>
  <millis>1454608116794</millis>
  <sequence>35</sequence>
  <logger>dssat.DSSATMain</logger>
  <level>ALL</level>
  <class>dssat.CSVFileHandler</class>
  <method>ReadSitesFile</method>
  <thread>14</thread>
  <message>Initializing the data from sites file.</message>
</record>
<record>
  <date>2016-02-04T12:48:36</date>
  <millis>1454608116800</millis>
  <sequence>36</sequence>
  <logger>dssat.DSSATMain</logger>
  <level>ALL</level>
  <class>dssat.DSSATMain</class>
  <method>&lt;init&gt;</method>
  <thread>14</thread>
  <message>Application Initialized.</message>
</record>
<record>
  <date>2016-02-04T12:49:24</date>
  <millis>1454608164185</millis>
  <sequence>37</sequence>
  <logger>dssat.DSSATMain</logger>
  <level>ALL</level>
  <class>dssat.DSSATMain</class>
  <method>UpdateFile</method>
  <thread>14</thread>
  <message>Updating the cache with the latest information...</message>
</record>
<record>
  <date>2016-02-04T12:49:24</date>
  <millis>1454608164185</millis>
  <sequence>38</sequence>
  <logger>dssat.DSSATMain</logger>
  <level>ALL</level>
  <class>dssat.DSSATMain</class>
  <method>UpdateFile</method>
  <thread>14</thread>
  <message>Updated the cache with the latest information...</message>
</record>
<record>
  <date>2016-02-04T12:50:49</date>
  <millis>1454608249862</millis>
  <sequence>39</sequence>
  <logger>dssat.DSSATMain</logger>
  <level>ALL</level>
  <class>dssat.DSSATMain</class>
  <method>bFinishButtonActionPerformed</method>
  <thread>14</thread>
  <message>Creating a Weather file after Finish Button is pressed ...</message>
</record>
<record>
  <date>2016-02-04T12:50:51</date>
  <millis>1454608251056</millis>
  <sequence>40</sequence>
  <logger>dssat.DSSATMain</logger>
  <level>ALL</level>
  <class>dssat.DSSATMain</class>
  <method>bFinishButtonActionPerformed</method>
  <thread>14</thread>
  <message>Created a Weather file after Finish Button is pressed ...</message>
</record>
<record>
  <date>2016-02-04T12:50:51</date>
  <millis>1454608251131</millis>
  <sequence>41</sequence>
  <logger>dssat.DSSATMain</logger>
  <level>ALL</level>
  <class>dssat.CSVFileHandler</class>
  <method>getCountyLocation_GlobalDB</method>
  <thread>14</thread>
  <message>Location Pos Object will be initialized with Centroid Position from Global DB...</message>
</record>
<record>
  <date>2016-02-04T12:50:51</date>
  <millis>1454608251132</millis>
  <sequence>42</sequence>
  <logger>dssat.DSSATMain</logger>
  <level>ALL</level>
  <class>dssat.CSVFileHandler</class>
  <method>getCountyLocation_GlobalDB</method>
  <thread>14</thread>
  <message>Location Pos Object is initialized with Centroid Position from Global DB...</message>
</record>
</log>
